Using pre-set license
Built from '6000.1/staging' branch; Version is '6000.1.17f1 (c0b9d3899998) revision 12630483'; Using compiler version '194234433'; Build Type 'Release'
OS: 'Windows 11  (10.0.26100) 64bit Professional' Language: 'es' Physical Memory: 63092 MB
BatchMode: 1, IsHumanControllingUs: 0, StartBugReporterOnCrash: 0, Is64bit: 1, IsPro: 1
Date: 2025-11-05T04:59:08Z

COMMAND LINE ARGUMENTS:
C:\Program Files\Unity\Hub\Editor\6000.1.17f1\Editor\Unity.exe
-adb2
-batchMode
-noUpm
-name
AssetImportWorker4
-projectPath
C:/Users/EDUARDO/Desktop/Unity Proyects/Parcial2-MotoresGraficos
-logFile
Logs/AssetImportWorker4.log
-srvPort
59100
-job-worker-count
11
-background-job-worker-count
8
-gc-helper-count
1
-name
AssetImport
Successfully changed project path to: C:/Users/EDUARDO/Desktop/Unity Proyects/Parcial2-MotoresGraficos
C:/Users/EDUARDO/Desktop/Unity Proyects/Parcial2-MotoresGraficos
[UnityMemory] Configuration Parameters - Can be set up in boot.config
    "memorysetup-allocator-temp-initial-block-size-main=262144"
    "memorysetup-allocator-temp-initial-block-size-worker=262144"
    "memorysetup-bucket-allocator-granularity=16"
    "memorysetup-bucket-allocator-bucket-count=8"
    "memorysetup-bucket-allocator-block-size=33554432"
    "memorysetup-bucket-allocator-block-count=8"
    "memorysetup-main-allocator-block-size=16777216"
    "memorysetup-thread-allocator-block-size=16777216"
    "memorysetup-gfx-main-allocator-block-size=16777216"
    "memorysetup-gfx-thread-allocator-block-size=16777216"
    "memorysetup-cache-allocator-block-size=4194304"
    "memorysetup-typetree-allocator-block-size=2097152"
    "memorysetup-profiler-bucket-allocator-granularity=16"
    "memorysetup-profiler-bucket-allocator-bucket-count=8"
    "memorysetup-profiler-bucket-allocator-block-size=33554432"
    "memorysetup-profiler-bucket-allocator-block-count=8"
    "memorysetup-profiler-allocator-block-size=16777216"
    "memorysetup-profiler-editor-allocator-block-size=1048576"
    "memorysetup-temp-allocator-size-main=16777216"
    "memorysetup-job-temp-allocator-block-size=2097152"
    "memorysetup-job-temp-allocator-block-size-background=1048576"
    "memorysetup-job-temp-allocator-reduction-small-platforms=262144"
    "memorysetup-temp-allocator-size-background-worker=32768"
    "memorysetup-temp-allocator-size-job-worker=262144"
    "memorysetup-temp-allocator-size-preload-manager=33554432"
    "memorysetup-temp-allocator-size-nav-mesh-worker=65536"
    "memorysetup-temp-allocator-size-audio-worker=65536"
    "memorysetup-temp-allocator-size-cloud-worker=32768"
    "memorysetup-temp-allocator-size-gi-baking-worker=262144"
    "memorysetup-temp-allocator-size-gi-baking-worker=262144"
    "memorysetup-temp-allocator-size-gi-baking-worker=262144"
    "memorysetup-temp-allocator-size-gi-baking-worker=262144"
    "memorysetup-temp-allocator-size-gi-baking-worker=262144"
    "memorysetup-temp-allocator-size-gfx=262144"
Player connection [57428]  Target information:

Player connection [57428]  * "[IP] 172.16.10.37 [Port] 0 [Flags] 2 [Guid] 2519345203 [EditorId] 2519345203 [Version] 1048832 [Id] WindowsEditor(7,DESKTOP-8DNTQ1G) [Debug] 1 [PackageName] WindowsEditor [ProjectName] Editor" 

Player connection [57428] Host joined multi-casting on [225.0.0.222:54997]...
Player connection [57428] Host joined alternative multi-casting on [225.0.0.222:34997]...
JobSystem: Creating JobQueue using job-worker-count value 11
Input System module state changed to: Initialized.
[Physics::Module] Initialized fallback backend.
[Physics::Module] Id: 0xdecafbad
Library Redirect Path: Library/
[Physics::Module] Selected backend.
[Physics::Module] Name: PhysX
[Physics::Module] Id: 0xf2b8ea05
[Physics::Module] SDK Version: 4.1.2
[Physics::Module] Integration Version: 1.0.0
[Physics::Module] Threading Mode: Multi-Threaded
Refreshing native plugins compatible for Editor in 68.32 ms, found 3 plugins.
Preloading 0 native plugins for Editor in 0.00 ms.
Initialize engine version: 6000.1.17f1 (c0b9d3899998)
[Subsystems] Discovering subsystems at path C:/Program Files/Unity/Hub/Editor/6000.1.17f1/Editor/Data/Resources/UnitySubsystems
[Subsystems] Discovering subsystems at path C:/Users/EDUARDO/Desktop/Unity Proyects/Parcial2-MotoresGraficos/Assets
GfxDevice: creating device client; kGfxThreadingModeNonThreaded
Direct3D:
    Version:         Direct3D 12 [level 12.1]
    Renderer:        NVIDIA GeForce RTX 4090 (ID=0x2684)
    Vendor:          NVIDIA
    VRAM:            24142 MB
    App VRAM Budget: 23374 MB
    Driver:          32.0.15.8115
Initialize mono
Mono path[0] = 'C:/Program Files/Unity/Hub/Editor/6000.1.17f1/Editor/Data/Managed'
Mono path[1] = 'C:/Program Files/Unity/Hub/Editor/6000.1.17f1/Editor/Data/MonoBleedingEdge/lib/mono/unityjit-win32'
Mono config path = 'C:/Program Files/Unity/Hub/Editor/6000.1.17f1/Editor/Data/MonoBleedingEdge/etc'
Using monoOptions --debugger-agent=transport=dt_socket,embedding=1,server=y,suspend=n,address=127.0.0.1:56276
Begin MonoManager ReloadAssembly
Registering precompiled unity dll's ...
Register platform support module: C:/Program Files/Unity/Hub/Editor/6000.1.17f1/Editor/Data/PlaybackEngines/WindowsStandaloneSupport/UnityEditor.WindowsStandalone.Extensions.dll
Registered in 0.072788 seconds.
- Loaded All Assemblies, in  5.868 seconds
Native extension for WindowsStandalone target not found
Mono: successfully reloaded assembly
- Finished resetting the current domain, in  0.212 seconds
Domain Reload Profiling: 6078ms
	BeginReloadAssembly (4839ms)
		ExecutionOrderSort (0ms)
		DisableScriptedObjects (0ms)
		BackupInstance (0ms)
		ReleaseScriptingObjects (0ms)
		CreateAndSetChildDomain (0ms)
	RebuildCommonClasses (322ms)
	RebuildNativeTypeToScriptingClass (7ms)
	initialDomainReloadingComplete (102ms)
	LoadAllAssembliesAndSetupDomain (596ms)
		LoadAssemblies (4836ms)
		RebuildTransferFunctionScriptingTraits (0ms)
		AnalyzeDomain (594ms)
			TypeCache.Refresh (593ms)
				TypeCache.ScanAssembly (432ms)
			BuildScriptInfoCaches (0ms)
			ResolveRequiredComponents (0ms)
	FinalizeReload (212ms)
		ReleaseScriptCaches (0ms)
		RebuildScriptCaches (0ms)
		SetupLoadedEditorAssemblies (186ms)
			LogAssemblyErrors (0ms)
			InitializePlatformSupportModulesInManaged (27ms)
			SetLoadedEditorAssemblies (2ms)
			BeforeProcessingInitializeOnLoad (36ms)
			ProcessInitializeOnLoadAttributes (80ms)
			ProcessInitializeOnLoadMethodAttributes (41ms)
			AfterProcessingInitializeOnLoad (0ms)
			EditorAssembliesLoaded (0ms)
		ExecutionOrderSort2 (0ms)
		AwakeInstancesAfterBackupRestoration (0ms)
========================================================================
Worker process is ready to serve import requests
Import Worker Mode flag is 0x00
Begin MonoManager ReloadAssembly
- Loaded All Assemblies, in  4.866 seconds
Refreshing native plugins compatible for Editor in 0.78 ms, found 3 plugins.
Native extension for WindowsStandalone target not found
Mono: successfully reloaded assembly
- Finished resetting the current domain, in  0.478 seconds
Domain Reload Profiling: 5340ms
	BeginReloadAssembly (102ms)
		ExecutionOrderSort (0ms)
		DisableScriptedObjects (3ms)
		BackupInstance (0ms)
		ReleaseScriptingObjects (0ms)
		CreateAndSetChildDomain (22ms)
	RebuildCommonClasses (25ms)
	RebuildNativeTypeToScriptingClass (8ms)
	initialDomainReloadingComplete (23ms)
	LoadAllAssembliesAndSetupDomain (4705ms)
		LoadAssemblies (4444ms)
		RebuildTransferFunctionScriptingTraits (0ms)
		AnalyzeDomain (316ms)
			TypeCache.Refresh (278ms)
				TypeCache.ScanAssembly (269ms)
			BuildScriptInfoCaches (29ms)
			ResolveRequiredComponents (6ms)
	FinalizeReload (478ms)
		ReleaseScriptCaches (0ms)
		RebuildScriptCaches (0ms)
		SetupLoadedEditorAssemblies (335ms)
			LogAssemblyErrors (0ms)
			InitializePlatformSupportModulesInManaged (1ms)
			SetLoadedEditorAssemblies (2ms)
			BeforeProcessingInitializeOnLoad (74ms)
			ProcessInitializeOnLoadAttributes (225ms)
			ProcessInitializeOnLoadMethodAttributes (30ms)
			AfterProcessingInitializeOnLoad (3ms)
			EditorAssembliesLoaded (0ms)
		ExecutionOrderSort2 (0ms)
		AwakeInstancesAfterBackupRestoration (4ms)
Launched and connected shader compiler UnityShaderCompiler.exe after 0.03 seconds
Refreshing native plugins compatible for Editor in 0.61 ms, found 3 plugins.
Preloading 0 native plugins for Editor in 0.00 ms.
Unloading 12 Unused Serialized files (Serialized files now loaded: 0)
Unloading 6087 unused Assets / (3.8 MB). Loaded Objects now: 6785.
Memory consumption went from 134.8 MB to 131.0 MB.
Total: 4.824700 ms (FindLiveObjects: 0.546100 ms CreateObjectMapping: 0.163900 ms MarkObjects: 2.843700 ms  DeleteObjects: 1.270700 ms)

========================================================================
Received Import Request.
  Time since last request: 335055.899358 seconds.
  path: Assets/CHAR_Characters/CHAR_CyberPunk/CPD.fbx
  artifactKey: Guid(c1fd7cc9de6059348837fb26af2a49db) Importer(815301076,1909f56bfc062723c751e8b465ee728b)
Start importing Assets/CHAR_Characters/CHAR_CyberPunk/CPD.fbx using Guid(c1fd7cc9de6059348837fb26af2a49db) Importer(815301076,1909f56bfc062723c751e8b465ee728b) (PreviewImporter) -> (artifact id: '36ee7b03f52ee1af55d5e3cd2a16c0e1') in 1.8098394 seconds
Number of updated asset objects reloaded before import = 0Number of asset objects unloaded after import = 162

========================================================================
Received Import Request.
  Time since last request: 3.520895 seconds.
  path: Assets/CHAR_Characters/CHAR_CyberPunk/CPD.fbx
  artifactKey: Guid(c1fd7cc9de6059348837fb26af2a49db) Importer(815301076,1909f56bfc062723c751e8b465ee728b)
Start importing Assets/CHAR_Characters/CHAR_CyberPunk/CPD.fbx using Guid(c1fd7cc9de6059348837fb26af2a49db) Importer(815301076,1909f56bfc062723c751e8b465ee728b) (PreviewImporter) -> (artifact id: '6ff440918a76b8fb1e84076169aa0c2b') in 0.1101657 seconds
Number of updated asset objects reloaded before import = 0Number of asset objects unloaded after import = 162

========================================================================
Received Import Request.
  Time since last request: 2888.475340 seconds.
  path: Assets/MAT_Materials/MAT_CrystalBall.mat
  artifactKey: Guid(35dba8d1f5df89a458254024461fb95f) Importer(815301076,1909f56bfc062723c751e8b465ee728b)
Start importing Assets/MAT_Materials/MAT_CrystalBall.mat using Guid(35dba8d1f5df89a458254024461fb95f) Importer(815301076,1909f56bfc062723c751e8b465ee728b) (PreviewImporter) -> (artifact id: 'ad3b5e863a99f28f54ee059a194678b9') in 0.0732167 seconds
Number of updated asset objects reloaded before import = 0Number of asset objects unloaded after import = 1

========================================================================
Received Import Request.
  Time since last request: 37.595794 seconds.
  path: Assets/MAT_Materials/MAT_Light.mat
  artifactKey: Guid(9b0a289c5a1338342a230d1bf61b3d95) Importer(815301076,1909f56bfc062723c751e8b465ee728b)
Start importing Assets/MAT_Materials/MAT_Light.mat using Guid(9b0a289c5a1338342a230d1bf61b3d95) Importer(815301076,1909f56bfc062723c751e8b465ee728b) (PreviewImporter) -> (artifact id: 'e56897bbd6ddfe09e7826d0a65872ab3') in 0.0227851 seconds
Number of updated asset objects reloaded before import = 0Number of asset objects unloaded after import = 1

========================================================================
Received Import Request.
  Time since last request: 2166.227282 seconds.
  path: Assets/ART_Arte/ART_Pergola/Pergola/textures/armchair-400-tank/TEXT_Fabric036_4K_Color.jpg
  artifactKey: Guid(5721c9d5c534632449843cb0210feeaa) Importer(815301076,1909f56bfc062723c751e8b465ee728b)
Start importing Assets/ART_Arte/ART_Pergola/Pergola/textures/armchair-400-tank/TEXT_Fabric036_4K_Color.jpg using Guid(5721c9d5c534632449843cb0210feeaa) Importer(815301076,1909f56bfc062723c751e8b465ee728b) (PreviewImporter) -> (artifact id: '317a8a5f1fbaf5802440e629a3b4bdf4') in 0.0425023 seconds
Number of updated asset objects reloaded before import = 0Number of asset objects unloaded after import = 2

========================================================================
Received Import Request.
  Time since last request: 13.566638 seconds.
  path: Assets/ART_Arte/ART_Pergola/Pergola/textures/armchair-400-tank/TEXT_Wood009_2K_Color.jpg
  artifactKey: Guid(bd609271efd1ab849b5de7bd10867060) Importer(815301076,1909f56bfc062723c751e8b465ee728b)
Start importing Assets/ART_Arte/ART_Pergola/Pergola/textures/armchair-400-tank/TEXT_Wood009_2K_Color.jpg using Guid(bd609271efd1ab849b5de7bd10867060) Importer(815301076,1909f56bfc062723c751e8b465ee728b) (PreviewImporter) -> (artifact id: 'bd133dc3a76a1887dd0334b93cb48fff') in 0.0613605 seconds
Number of updated asset objects reloaded before import = 0Number of asset objects unloaded after import = 2

========================================================================
Received Import Request.
  Time since last request: 15.347493 seconds.
  path: Assets/ART_Arte/ART_Pergola/Pergola/textures/armchair-400-tank/TEXT_Wood009_2K_Normal.jpg
  artifactKey: Guid(6dda21cd9a9fc2e41ad60bed705cbef9) Importer(815301076,1909f56bfc062723c751e8b465ee728b)
Start importing Assets/ART_Arte/ART_Pergola/Pergola/textures/armchair-400-tank/TEXT_Wood009_2K_Normal.jpg using Guid(6dda21cd9a9fc2e41ad60bed705cbef9) Importer(815301076,1909f56bfc062723c751e8b465ee728b) (PreviewImporter) -> (artifact id: 'bcc222a34c69461366faf35a532c6cde') in 0.0510004 seconds
Number of updated asset objects reloaded before import = 0Number of asset objects unloaded after import = 2

========================================================================
Received Import Request.
  Time since last request: 3.921615 seconds.
  path: Assets/ART_Arte/ART_Pergola/Pergola/textures/armchair-400-tank/TEXT_Wood009_2K_Roughness.jpg
  artifactKey: Guid(d92ef5e0bf70ca240983571824cbf8ee) Importer(815301076,1909f56bfc062723c751e8b465ee728b)
Start importing Assets/ART_Arte/ART_Pergola/Pergola/textures/armchair-400-tank/TEXT_Wood009_2K_Roughness.jpg using Guid(d92ef5e0bf70ca240983571824cbf8ee) Importer(815301076,1909f56bfc062723c751e8b465ee728b) (PreviewImporter) -> (artifact id: '368f0c89877143f82b43fe2018ab9f49') in 0.0496477 seconds
Number of updated asset objects reloaded before import = 0Number of asset objects unloaded after import = 2

========================================================================
Received Import Request.
  Time since last request: 1.849757 seconds.
  path: Assets/ART_Arte/ART_Pergola/Pergola/textures/sofa-grey-fabric
  artifactKey: Guid(6746dc607b1e9564785c4b0e3f37f547) Importer(815301076,1909f56bfc062723c751e8b465ee728b)
Start importing Assets/ART_Arte/ART_Pergola/Pergola/textures/sofa-grey-fabric using Guid(6746dc607b1e9564785c4b0e3f37f547) Importer(815301076,1909f56bfc062723c751e8b465ee728b) (PreviewImporter) -> (artifact id: '7d86bf07aa1314dccfa6c06b0a9e4757') in 0.0004795 seconds
Number of updated asset objects reloaded before import = 0Number of asset objects unloaded after import = 0

========================================================================
Received Import Request.
  Time since last request: 0.009008 seconds.
  path: Assets/ART_Arte/ART_Pergola/Pergola/textures/sofa-grey-fabric/sofagrey_DefaultMaterial_BaseColor.png
  artifactKey: Guid(956c809925fda1947ae8e4c36a1569b6) Importer(815301076,1909f56bfc062723c751e8b465ee728b)
Start importing Assets/ART_Arte/ART_Pergola/Pergola/textures/sofa-grey-fabric/sofagrey_DefaultMaterial_BaseColor.png using Guid(956c809925fda1947ae8e4c36a1569b6) Importer(815301076,1909f56bfc062723c751e8b465ee728b) (PreviewImporter) -> (artifact id: 'ddd123ef1b80d018e6440a8f255ac9a4') in 0.0424589 seconds
Number of updated asset objects reloaded before import = 0Number of asset objects unloaded after import = 2

========================================================================
Received Import Request.
  Time since last request: 0.000021 seconds.
  path: Assets/ART_Arte/ART_Pergola/Pergola/textures/sofa-grey-fabric/sofagrey_DefaultMaterial_Roughness.png
  artifactKey: Guid(0ca2b24cfb8fda84da89528a7e98bad6) Importer(815301076,1909f56bfc062723c751e8b465ee728b)
Start importing Assets/ART_Arte/ART_Pergola/Pergola/textures/sofa-grey-fabric/sofagrey_DefaultMaterial_Roughness.png using Guid(0ca2b24cfb8fda84da89528a7e98bad6) Importer(815301076,1909f56bfc062723c751e8b465ee728b) (PreviewImporter) -> (artifact id: '7b8313a72f5db11232b48a3ab4a98536') in 0.0246555 seconds
Number of updated asset objects reloaded before import = 0Number of asset objects unloaded after import = 2

========================================================================
Received Import Request.
  Time since last request: 6.481886 seconds.
  path: Assets/ART_Arte/ART_Pergola/Pergola/textures/sofa-grey-fabric/TEXT_sofagrey_DefaultMaterial_BaseColor.png
  artifactKey: Guid(956c809925fda1947ae8e4c36a1569b6) Importer(815301076,1909f56bfc062723c751e8b465ee728b)
Start importing Assets/ART_Arte/ART_Pergola/Pergola/textures/sofa-grey-fabric/TEXT_sofagrey_DefaultMaterial_BaseColor.png using Guid(956c809925fda1947ae8e4c36a1569b6) Importer(815301076,1909f56bfc062723c751e8b465ee728b) (PreviewImporter) -> (artifact id: '60e0b940fba5c19483a3731ed0cf90f9') in 0.0406371 seconds
Number of updated asset objects reloaded before import = 0Number of asset objects unloaded after import = 2

========================================================================
Received Import Request.
  Time since last request: 5.751766 seconds.
  path: Assets/ART_Arte/ART_Pergola/Pergola/textures/sofa-grey-fabric/TEXT_sofagrey_DefaultMaterial_Normal.png
  artifactKey: Guid(1fcc979fcbb419c48bb465f5adf94671) Importer(815301076,1909f56bfc062723c751e8b465ee728b)
Start importing Assets/ART_Arte/ART_Pergola/Pergola/textures/sofa-grey-fabric/TEXT_sofagrey_DefaultMaterial_Normal.png using Guid(1fcc979fcbb419c48bb465f5adf94671) Importer(815301076,1909f56bfc062723c751e8b465ee728b) (PreviewImporter) -> (artifact id: 'ed80d5c658848b75951864bae4546a71') in 0.0825436 seconds
Number of updated asset objects reloaded before import = 0Number of asset objects unloaded after import = 2

========================================================================
Received Import Request.
  Time since last request: 10.076663 seconds.
  path: Assets/ART_Arte/ART_Pergola/Pergola/textures/sofa-grey-fabric/TEXT_sofagrey_DefaultMaterial_Roughness.png
  artifactKey: Guid(0ca2b24cfb8fda84da89528a7e98bad6) Importer(815301076,1909f56bfc062723c751e8b465ee728b)
Start importing Assets/ART_Arte/ART_Pergola/Pergola/textures/sofa-grey-fabric/TEXT_sofagrey_DefaultMaterial_Roughness.png using Guid(0ca2b24cfb8fda84da89528a7e98bad6) Importer(815301076,1909f56bfc062723c751e8b465ee728b) (PreviewImporter) -> (artifact id: '357a35d9ce1ec273f570ffc9d3b7c3bf') in 0.047556 seconds
Number of updated asset objects reloaded before import = 0Number of asset objects unloaded after import = 2

========================================================================
Received Import Request.
  Time since last request: 8.479938 seconds.
  path: Assets/ART_Arte/ART_Pergola/Pergola/besedka.fbx
  artifactKey: Guid(7f2f25cc2f18551469a9c40f8b161be7) Importer(815301076,1909f56bfc062723c751e8b465ee728b)
Start importing Assets/ART_Arte/ART_Pergola/Pergola/besedka.fbx using Guid(7f2f25cc2f18551469a9c40f8b161be7) Importer(815301076,1909f56bfc062723c751e8b465ee728b) (PreviewImporter) -> (artifact id: '04c36786ab99579f8eb7ab23428803ea') in 0.8650107 seconds
Number of updated asset objects reloaded before import = 0Number of asset objects unloaded after import = 282

========================================================================
Received Import Request.
  Time since last request: 66.461706 seconds.
  path: Assets/ART_Arte/ART_Pergola/Pergola/textures/table-with-window-in-the-middle/Wood018_4K_Color.jpeg
  artifactKey: Guid(38efe24b72be657419cf3926a7a9ef92) Importer(815301076,1909f56bfc062723c751e8b465ee728b)
Start importing Assets/ART_Arte/ART_Pergola/Pergola/textures/table-with-window-in-the-middle/Wood018_4K_Color.jpeg using Guid(38efe24b72be657419cf3926a7a9ef92) Importer(815301076,1909f56bfc062723c751e8b465ee728b) (PreviewImporter) -> (artifact id: 'be6b35454f86207f3dc97557e7474bcc') in 0.0211252 seconds
Number of updated asset objects reloaded before import = 0Number of asset objects unloaded after import = 2

========================================================================
Received Import Request.
  Time since last request: 6.268036 seconds.
  path: Assets/ART_Arte/ART_Pergola/Pergola/textures/table-with-window-in-the-middle/TEXT_Wood018_4K_Color.jpeg
  artifactKey: Guid(38efe24b72be657419cf3926a7a9ef92) Importer(815301076,1909f56bfc062723c751e8b465ee728b)
Start importing Assets/ART_Arte/ART_Pergola/Pergola/textures/table-with-window-in-the-middle/TEXT_Wood018_4K_Color.jpeg using Guid(38efe24b72be657419cf3926a7a9ef92) Importer(815301076,1909f56bfc062723c751e8b465ee728b) (PreviewImporter) -> (artifact id: '28476f6cc8c47c4f30e6b8f9a59cc148') in 0.0410086 seconds
Number of updated asset objects reloaded before import = 0Number of asset objects unloaded after import = 2

========================================================================
Received Import Request.
  Time since last request: 3.616579 seconds.
  path: Assets/ART_Arte/ART_Pergola/Pergola/textures/table-with-window-in-the-middle/TEXT_Wood018_4K_NormalDX.jpeg
  artifactKey: Guid(c6056995574e52c4c974ecba86ba676e) Importer(815301076,1909f56bfc062723c751e8b465ee728b)
Start importing Assets/ART_Arte/ART_Pergola/Pergola/textures/table-with-window-in-the-middle/TEXT_Wood018_4K_NormalDX.jpeg using Guid(c6056995574e52c4c974ecba86ba676e) Importer(815301076,1909f56bfc062723c751e8b465ee728b) (PreviewImporter) -> (artifact id: 'b2db37840cfaa13cded68292b10d37e6') in 0.0518226 seconds
Number of updated asset objects reloaded before import = 0Number of asset objects unloaded after import = 2

========================================================================
Received Import Request.
  Time since last request: 11.742416 seconds.
  path: Assets/ART_Arte/ART_Pergola/Pergola/besedka.fbx
  artifactKey: Guid(7f2f25cc2f18551469a9c40f8b161be7) Importer(815301076,1909f56bfc062723c751e8b465ee728b)
Start importing Assets/ART_Arte/ART_Pergola/Pergola/besedka.fbx using Guid(7f2f25cc2f18551469a9c40f8b161be7) Importer(815301076,1909f56bfc062723c751e8b465ee728b) (PreviewImporter) -> (artifact id: '781a70cd6c5d9ba324027192f6b333dc') in 0.7226879 seconds
Number of updated asset objects reloaded before import = 0Number of asset objects unloaded after import = 280

========================================================================
Received Import Request.
  Time since last request: 11.012547 seconds.
  path: Assets/ART_Arte/ART_Pergola/Pergola/textures/TEXT_brick.png
  artifactKey: Guid(11f6184c9d2e17249b583ec001cd5935) Importer(815301076,1909f56bfc062723c751e8b465ee728b)
Start importing Assets/ART_Arte/ART_Pergola/Pergola/textures/TEXT_brick.png using Guid(11f6184c9d2e17249b583ec001cd5935) Importer(815301076,1909f56bfc062723c751e8b465ee728b) (PreviewImporter) -> (artifact id: 'd56763e6c77421105a62fc874b1e66e3') in 0.0415049 seconds
Number of updated asset objects reloaded before import = 0Number of asset objects unloaded after import = 2

========================================================================
Received Import Request.
  Time since last request: 20.680956 seconds.
  path: Assets/ART_Arte/ART_Pergola/Pergola/textures/TEXT_setka.png
  artifactKey: Guid(457bc56be98016245920052068bc9a2b) Importer(815301076,1909f56bfc062723c751e8b465ee728b)
Start importing Assets/ART_Arte/ART_Pergola/Pergola/textures/TEXT_setka.png using Guid(457bc56be98016245920052068bc9a2b) Importer(815301076,1909f56bfc062723c751e8b465ee728b) (PreviewImporter) -> (artifact id: '4df67c54d4fe0765a9a8510edf19de13') in 0.0241968 seconds
Number of updated asset objects reloaded before import = 0Number of asset objects unloaded after import = 2

========================================================================
Received Import Request.
  Time since last request: 24.409386 seconds.
  path: Assets/ART_Arte/ART_Pergola/Pergola/textures/sofa-grey-fabric/Materials
  artifactKey: Guid(64d39b74958d10349b3cf5404247646f) Importer(815301076,1909f56bfc062723c751e8b465ee728b)
Start importing Assets/ART_Arte/ART_Pergola/Pergola/textures/sofa-grey-fabric/Materials using Guid(64d39b74958d10349b3cf5404247646f) Importer(815301076,1909f56bfc062723c751e8b465ee728b) (PreviewImporter) -> (artifact id: '1502af829646cdcc86d3763257955219') in 0.0005493 seconds
Number of updated asset objects reloaded before import = 0Number of asset objects unloaded after import = 0

========================================================================
Received Import Request.
  Time since last request: 0.015487 seconds.
  path: Assets/ART_Arte/ART_Pergola/Pergola/textures/sofa-grey-fabric/Materials/TEXT_sofagrey_DefaultMaterial_Roughness.mat
  artifactKey: Guid(118079caa5c7c30458bd50cb23f63c0f) Importer(815301076,1909f56bfc062723c751e8b465ee728b)
Start importing Assets/ART_Arte/ART_Pergola/Pergola/textures/sofa-grey-fabric/Materials/TEXT_sofagrey_DefaultMaterial_Roughness.mat using Guid(118079caa5c7c30458bd50cb23f63c0f) Importer(815301076,1909f56bfc062723c751e8b465ee728b) (PreviewImporter) -> (artifact id: 'c1c57e2878d35fefbe83beb5bd176f26') in 0.0253633 seconds
Number of updated asset objects reloaded before import = 0Number of asset objects unloaded after import = 2

========================================================================
Received Import Request.
  Time since last request: 76.324681 seconds.
  path: Assets/ART_Arte/ART_Pergola/Pergola/textures/armchair-400-tank/Materials
  artifactKey: Guid(ea3928d7d78e34a4ba8f1f5175c855ad) Importer(815301076,1909f56bfc062723c751e8b465ee728b)
Start importing Assets/ART_Arte/ART_Pergola/Pergola/textures/armchair-400-tank/Materials using Guid(ea3928d7d78e34a4ba8f1f5175c855ad) Importer(815301076,1909f56bfc062723c751e8b465ee728b) (PreviewImporter) -> (artifact id: 'f5e9317444cfc6c6881e24a8e8713f82') in 0.0004605 seconds
Number of updated asset objects reloaded before import = 0Number of asset objects unloaded after import = 0

========================================================================
Received Import Request.
  Time since last request: 0.021965 seconds.
  path: Assets/ART_Arte/ART_Pergola/Pergola/textures/armchair-400-tank/Materials/TEXT_Fabric036_4K_Color.mat
  artifactKey: Guid(58ea75b2f2dfb354a8d178d80b9cad5a) Importer(815301076,1909f56bfc062723c751e8b465ee728b)
Start importing Assets/ART_Arte/ART_Pergola/Pergola/textures/armchair-400-tank/Materials/TEXT_Fabric036_4K_Color.mat using Guid(58ea75b2f2dfb354a8d178d80b9cad5a) Importer(815301076,1909f56bfc062723c751e8b465ee728b) (PreviewImporter) -> (artifact id: '902a82370d0bd3b7befe7ca7232b3496') in 0.016522 seconds
Number of updated asset objects reloaded before import = 0Number of asset objects unloaded after import = 2

========================================================================
Received Import Request.
  Time since last request: 0.000019 seconds.
  path: Assets/ART_Arte/ART_Pergola/Pergola/textures/armchair-400-tank/Materials/TEXT_Wood009_2K_Normal.mat
  artifactKey: Guid(326ef788f46db1b48833c5e2b27cafd4) Importer(815301076,1909f56bfc062723c751e8b465ee728b)
Start importing Assets/ART_Arte/ART_Pergola/Pergola/textures/armchair-400-tank/Materials/TEXT_Wood009_2K_Normal.mat using Guid(326ef788f46db1b48833c5e2b27cafd4) Importer(815301076,1909f56bfc062723c751e8b465ee728b) (PreviewImporter) -> (artifact id: '6a9b2829cc35a0124dc8f718d747e0d6') in 0.0180955 seconds
Number of updated asset objects reloaded before import = 0Number of asset objects unloaded after import = 2

========================================================================
Received Import Request.
  Time since last request: 0.000016 seconds.
  path: Assets/ART_Arte/ART_Pergola/Pergola/textures/armchair-400-tank/Materials/TEXT_Wood009_2K_Roughness.mat
  artifactKey: Guid(f33c437760c25d34ea9a36a435169e25) Importer(815301076,1909f56bfc062723c751e8b465ee728b)
Start importing Assets/ART_Arte/ART_Pergola/Pergola/textures/armchair-400-tank/Materials/TEXT_Wood009_2K_Roughness.mat using Guid(f33c437760c25d34ea9a36a435169e25) Importer(815301076,1909f56bfc062723c751e8b465ee728b) (PreviewImporter) -> (artifact id: 'c66953c3f743c245afdd667cd8247b0a') in 0.016846 seconds
Number of updated asset objects reloaded before import = 0Number of asset objects unloaded after import = 2

========================================================================
Received Import Request.
  Time since last request: 4.660143 seconds.
  path: Assets/ART_Arte/ART_Pergola/Pergola/textures/table-with-window-in-the-middle
  artifactKey: Guid(6a43167bcc93fc442ac1c1e038190245) Importer(815301076,1909f56bfc062723c751e8b465ee728b)
Start importing Assets/ART_Arte/ART_Pergola/Pergola/textures/table-with-window-in-the-middle using Guid(6a43167bcc93fc442ac1c1e038190245) Importer(815301076,1909f56bfc062723c751e8b465ee728b) (PreviewImporter) -> (artifact id: '19d8aaea23df893dd5ac66e5490246f8') in 0.0004741 seconds
Number of updated asset objects reloaded before import = 0Number of asset objects unloaded after import = 0

========================================================================
Received Import Request.
  Time since last request: 33.667965 seconds.
  path: Assets/ART_Arte/ART_Pergola/Pergola/textures/table-with-window-in-the-middle/Materials
  artifactKey: Guid(71c73e64ade651a46a39bee711447ec7) Importer(815301076,1909f56bfc062723c751e8b465ee728b)
Start importing Assets/ART_Arte/ART_Pergola/Pergola/textures/table-with-window-in-the-middle/Materials using Guid(71c73e64ade651a46a39bee711447ec7) Importer(815301076,1909f56bfc062723c751e8b465ee728b) (PreviewImporter) -> (artifact id: '27e7e937d031d13b2c1d25a33ed3d0e0') in 0.0004483 seconds
Number of updated asset objects reloaded before import = 0Number of asset objects unloaded after import = 0

========================================================================
Received Import Request.
  Time since last request: 0.054492 seconds.
  path: Assets/ART_Arte/ART_Pergola/Pergola/textures/table-with-window-in-the-middle/Materials/TEXT_Wood018_4K_Color.mat
  artifactKey: Guid(fed6c5b30afb4f04cac75f29e1aa1ff0) Importer(815301076,1909f56bfc062723c751e8b465ee728b)
Start importing Assets/ART_Arte/ART_Pergola/Pergola/textures/table-with-window-in-the-middle/Materials/TEXT_Wood018_4K_Color.mat using Guid(fed6c5b30afb4f04cac75f29e1aa1ff0) Importer(815301076,1909f56bfc062723c751e8b465ee728b) (PreviewImporter) -> (artifact id: 'ed5bc194e50c622607076c29612485d6') in 0.0230339 seconds
Number of updated asset objects reloaded before import = 0Number of asset objects unloaded after import = 2

========================================================================
Received Prepare
Begin MonoManager ReloadAssembly
- Loaded All Assemblies, in  0.442 seconds
Refreshing native plugins compatible for Editor in 0.79 ms, found 3 plugins.
Native extension for WindowsStandalone target not found
Mono: successfully reloaded assembly
- Finished resetting the current domain, in  0.421 seconds
Domain Reload Profiling: 863ms
	BeginReloadAssembly (150ms)
		ExecutionOrderSort (0ms)
		DisableScriptedObjects (12ms)
		BackupInstance (0ms)
		ReleaseScriptingObjects (0ms)
		CreateAndSetChildDomain (43ms)
	RebuildCommonClasses (21ms)
	RebuildNativeTypeToScriptingClass (7ms)
	initialDomainReloadingComplete (18ms)
	LoadAllAssembliesAndSetupDomain (246ms)
		LoadAssemblies (203ms)
		RebuildTransferFunctionScriptingTraits (0ms)
		AnalyzeDomain (99ms)
			TypeCache.Refresh (3ms)
				TypeCache.ScanAssembly (0ms)
			BuildScriptInfoCaches (84ms)
			ResolveRequiredComponents (6ms)
	FinalizeReload (422ms)
		ReleaseScriptCaches (0ms)
		RebuildScriptCaches (0ms)
		SetupLoadedEditorAssemblies (324ms)
			LogAssemblyErrors (0ms)
			InitializePlatformSupportModulesInManaged (1ms)
			SetLoadedEditorAssemblies (3ms)
			BeforeProcessingInitializeOnLoad (69ms)
			ProcessInitializeOnLoadAttributes (215ms)
			ProcessInitializeOnLoadMethodAttributes (29ms)
			AfterProcessingInitializeOnLoad (5ms)
			EditorAssembliesLoaded (0ms)
		ExecutionOrderSort2 (0ms)
		AwakeInstancesAfterBackupRestoration (11ms)
Refreshing native plugins compatible for Editor in 1.06 ms, found 3 plugins.
Preloading 0 native plugins for Editor in 0.00 ms.
Unloading 12 Unused Serialized files (Serialized files now loaded: 0)
Unloading 6084 unused Assets / (3.7 MB). Loaded Objects now: 6875.
Memory consumption went from 165.2 MB to 161.5 MB.
Total: 5.348900 ms (FindLiveObjects: 0.565400 ms CreateObjectMapping: 0.160100 ms MarkObjects: 3.368900 ms  DeleteObjects: 1.253400 ms)

Prepare: number of updated asset objects reloaded= 0
========================================================================
Received Prepare
Begin MonoManager ReloadAssembly
- Loaded All Assemblies, in  0.428 seconds
Refreshing native plugins compatible for Editor in 0.84 ms, found 3 plugins.
Native extension for WindowsStandalone target not found
Mono: successfully reloaded assembly
- Finished resetting the current domain, in  0.407 seconds
Domain Reload Profiling: 835ms
	BeginReloadAssembly (134ms)
		ExecutionOrderSort (0ms)
		DisableScriptedObjects (5ms)
		BackupInstance (0ms)
		ReleaseScriptingObjects (0ms)
		CreateAndSetChildDomain (37ms)
	RebuildCommonClasses (21ms)
	RebuildNativeTypeToScriptingClass (7ms)
	initialDomainReloadingComplete (17ms)
	LoadAllAssembliesAndSetupDomain (248ms)
		LoadAssemblies (194ms)
		RebuildTransferFunctionScriptingTraits (0ms)
		AnalyzeDomain (107ms)
			TypeCache.Refresh (4ms)
				TypeCache.ScanAssembly (0ms)
			BuildScriptInfoCaches (92ms)
			ResolveRequiredComponents (7ms)
	FinalizeReload (408ms)
		ReleaseScriptCaches (0ms)
		RebuildScriptCaches (0ms)
		SetupLoadedEditorAssemblies (314ms)
			LogAssemblyErrors (0ms)
			InitializePlatformSupportModulesInManaged (1ms)
			SetLoadedEditorAssemblies (3ms)
			BeforeProcessingInitializeOnLoad (71ms)
			ProcessInitializeOnLoadAttributes (201ms)
			ProcessInitializeOnLoadMethodAttributes (32ms)
			AfterProcessingInitializeOnLoad (5ms)
			EditorAssembliesLoaded (0ms)
		ExecutionOrderSort2 (0ms)
		AwakeInstancesAfterBackupRestoration (11ms)
Refreshing native plugins compatible for Editor in 1.00 ms, found 3 plugins.
Preloading 0 native plugins for Editor in 0.00 ms.
Unloading 12 Unused Serialized files (Serialized files now loaded: 0)
Unloading 6083 unused Assets / (3.7 MB). Loaded Objects now: 6878.
Memory consumption went from 166.8 MB to 163.1 MB.
Total: 5.804800 ms (FindLiveObjects: 0.758100 ms CreateObjectMapping: 0.296600 ms MarkObjects: 3.245100 ms  DeleteObjects: 1.504100 ms)

Prepare: number of updated asset objects reloaded= 0
========================================================================
Received Import Request.
  Time since last request: 1600.098383 seconds.
  path: Assets/ANIM_Animations/ANIM_CyberPunk
  artifactKey: Guid(1fa5743f3de21d949b800aa418d70785) Importer(815301076,1909f56bfc062723c751e8b465ee728b)
Start importing Assets/ANIM_Animations/ANIM_CyberPunk using Guid(1fa5743f3de21d949b800aa418d70785) Importer(815301076,1909f56bfc062723c751e8b465ee728b) (PreviewImporter) -> (artifact id: '35c539f84d8ff3d3094af60276517a57') in 0.0049687 seconds
Number of updated asset objects reloaded before import = 0Number of asset objects unloaded after import = 0

========================================================================
Received Import Request.
  Time since last request: 10.499803 seconds.
  path: Assets/ANIM_Animations/ANIM_CyberPunk/New Animator Controller.controller
  artifactKey: Guid(261090aaec3cb2d4d92c352af4485ca1) Importer(815301076,1909f56bfc062723c751e8b465ee728b)
Start importing Assets/ANIM_Animations/ANIM_CyberPunk/New Animator Controller.controller using Guid(261090aaec3cb2d4d92c352af4485ca1) Importer(815301076,1909f56bfc062723c751e8b465ee728b) (PreviewImporter) -> (artifact id: '003f533352fcb6f25878fd98c68b6b54') in 0.0114481 seconds
Number of updated asset objects reloaded before import = 0Number of asset objects unloaded after import = 1

========================================================================
Received Import Request.
  Time since last request: 9.550233 seconds.
  path: Assets/ANIM_Animations/ANIM_CyberPunk/ANIM_ControllerCyberPunk.controller
  artifactKey: Guid(261090aaec3cb2d4d92c352af4485ca1) Importer(815301076,1909f56bfc062723c751e8b465ee728b)
Start importing Assets/ANIM_Animations/ANIM_CyberPunk/ANIM_ControllerCyberPunk.controller using Guid(261090aaec3cb2d4d92c352af4485ca1) Importer(815301076,1909f56bfc062723c751e8b465ee728b) (PreviewImporter) -> (artifact id: 'bc699a8a9f17efb4e2be1915e0c90722') in 0.0015268 seconds
Number of updated asset objects reloaded before import = 0Number of asset objects unloaded after import = 2

========================================================================
Received Prepare
Begin MonoManager ReloadAssembly
- Loaded All Assemblies, in  0.444 seconds
Refreshing native plugins compatible for Editor in 0.66 ms, found 3 plugins.
Native extension for WindowsStandalone target not found
Mono: successfully reloaded assembly
- Finished resetting the current domain, in  0.410 seconds
Domain Reload Profiling: 852ms
	BeginReloadAssembly (134ms)
		ExecutionOrderSort (0ms)
		DisableScriptedObjects (3ms)
		BackupInstance (0ms)
		ReleaseScriptingObjects (0ms)
		CreateAndSetChildDomain (35ms)
	RebuildCommonClasses (22ms)
	RebuildNativeTypeToScriptingClass (11ms)
	initialDomainReloadingComplete (21ms)
	LoadAllAssembliesAndSetupDomain (253ms)
		LoadAssemblies (207ms)
		RebuildTransferFunctionScriptingTraits (0ms)
		AnalyzeDomain (104ms)
			TypeCache.Refresh (3ms)
				TypeCache.ScanAssembly (0ms)
			BuildScriptInfoCaches (89ms)
			ResolveRequiredComponents (6ms)
	FinalizeReload (411ms)
		ReleaseScriptCaches (0ms)
		RebuildScriptCaches (0ms)
		SetupLoadedEditorAssemblies (316ms)
			LogAssemblyErrors (0ms)
			InitializePlatformSupportModulesInManaged (1ms)
			SetLoadedEditorAssemblies (3ms)
			BeforeProcessingInitializeOnLoad (72ms)
			ProcessInitializeOnLoadAttributes (202ms)
			ProcessInitializeOnLoadMethodAttributes (33ms)
			AfterProcessingInitializeOnLoad (4ms)
			EditorAssembliesLoaded (0ms)
		ExecutionOrderSort2 (0ms)
		AwakeInstancesAfterBackupRestoration (11ms)
Refreshing native plugins compatible for Editor in 0.81 ms, found 3 plugins.
Preloading 0 native plugins for Editor in 0.00 ms.
Unloading 12 Unused Serialized files (Serialized files now loaded: 0)
Unloading 6083 unused Assets / (3.7 MB). Loaded Objects now: 6881.
Memory consumption went from 164.9 MB to 161.2 MB.
Total: 5.999900 ms (FindLiveObjects: 0.649600 ms CreateObjectMapping: 0.411400 ms MarkObjects: 3.483200 ms  DeleteObjects: 1.454900 ms)

Prepare: number of updated asset objects reloaded= 0
========================================================================
Received Import Request.
  Time since last request: 164.566590 seconds.
  path: Assets/ANIM_Animations/ANIM_CyberPunk/ANIM_Rumba Dancing.fbx
  artifactKey: Guid(592732eb1603a3c47962e9fae5b057d2) Importer(815301076,1909f56bfc062723c751e8b465ee728b)
Start importing Assets/ANIM_Animations/ANIM_CyberPunk/ANIM_Rumba Dancing.fbx using Guid(592732eb1603a3c47962e9fae5b057d2) Importer(815301076,1909f56bfc062723c751e8b465ee728b) (PreviewImporter) -> (artifact id: '17551dda58f394a71fbb2f3f2134d84a') in 0.023723 seconds
Number of updated asset objects reloaded before import = 0Number of asset objects unloaded after import = 135

========================================================================
Received Prepare
Begin MonoManager ReloadAssembly
- Loaded All Assemblies, in  0.428 seconds
Refreshing native plugins compatible for Editor in 0.72 ms, found 3 plugins.
Native extension for WindowsStandalone target not found
Mono: successfully reloaded assembly
- Finished resetting the current domain, in  0.384 seconds
Domain Reload Profiling: 810ms
	BeginReloadAssembly (129ms)
		ExecutionOrderSort (0ms)
		DisableScriptedObjects (3ms)
		BackupInstance (0ms)
		ReleaseScriptingObjects (0ms)
		CreateAndSetChildDomain (38ms)
	RebuildCommonClasses (22ms)
	RebuildNativeTypeToScriptingClass (7ms)
	initialDomainReloadingComplete (16ms)
	LoadAllAssembliesAndSetupDomain (252ms)
		LoadAssemblies (201ms)
		RebuildTransferFunctionScriptingTraits (0ms)
		AnalyzeDomain (102ms)
			TypeCache.Refresh (3ms)
				TypeCache.ScanAssembly (0ms)
			BuildScriptInfoCaches (88ms)
			ResolveRequiredComponents (6ms)
	FinalizeReload (384ms)
		ReleaseScriptCaches (0ms)
		RebuildScriptCaches (0ms)
		SetupLoadedEditorAssemblies (299ms)
			LogAssemblyErrors (0ms)
			InitializePlatformSupportModulesInManaged (1ms)
			SetLoadedEditorAssemblies (3ms)
			BeforeProcessingInitializeOnLoad (70ms)
			ProcessInitializeOnLoadAttributes (191ms)
			ProcessInitializeOnLoadMethodAttributes (30ms)
			AfterProcessingInitializeOnLoad (4ms)
			EditorAssembliesLoaded (0ms)
		ExecutionOrderSort2 (0ms)
		AwakeInstancesAfterBackupRestoration (9ms)
Refreshing native plugins compatible for Editor in 1.10 ms, found 3 plugins.
Preloading 0 native plugins for Editor in 0.00 ms.
Unloading 12 Unused Serialized files (Serialized files now loaded: 0)
Unloading 6083 unused Assets / (3.6 MB). Loaded Objects now: 6884.
Memory consumption went from 165.0 MB to 161.3 MB.
Total: 5.235700 ms (FindLiveObjects: 0.618800 ms CreateObjectMapping: 0.239400 ms MarkObjects: 3.049200 ms  DeleteObjects: 1.327500 ms)

Prepare: number of updated asset objects reloaded= 0
========================================================================
Received Import Request.
  Time since last request: 101.721779 seconds.
  path: Assets/CHAR_Characters/CHAR_CyberPunk/CHAR_CyberPunkTextures/CPD_normal.png
  artifactKey: Guid(29296ff1e4ca2db418a65c89371a2f87) Importer(815301076,1909f56bfc062723c751e8b465ee728b)
Start importing Assets/CHAR_Characters/CHAR_CyberPunk/CHAR_CyberPunkTextures/CPD_normal.png using Guid(29296ff1e4ca2db418a65c89371a2f87) Importer(815301076,1909f56bfc062723c751e8b465ee728b) (PreviewImporter) -> (artifact id: 'd71050c2bdf5b98c0ebf5bcd72be6fbf') in 0.0420203 seconds
Number of updated asset objects reloaded before import = 0Number of asset objects unloaded after import = 2

========================================================================
Received Import Request.
  Time since last request: 77.396237 seconds.
  path: Assets/ANIM_Animations/ANIM_CyberPunk/mixamo.com.anim
  artifactKey: Guid(ffd9a202c7f2fec4c9ccd38bec7c3304) Importer(815301076,1909f56bfc062723c751e8b465ee728b)
Start importing Assets/ANIM_Animations/ANIM_CyberPunk/mixamo.com.anim using Guid(ffd9a202c7f2fec4c9ccd38bec7c3304) Importer(815301076,1909f56bfc062723c751e8b465ee728b) (PreviewImporter) -> (artifact id: 'd1ae4ffec89c021ca9c2a19358989d8d') in 0.0135762 seconds
Number of updated asset objects reloaded before import = 0Number of asset objects unloaded after import = 1

========================================================================
Received Import Request.
  Time since last request: 52.910266 seconds.
  path: Assets/ANIM_Animations/ANIM_CyberPunk/ANIM_Rumba.anim
  artifactKey: Guid(ffd9a202c7f2fec4c9ccd38bec7c3304) Importer(815301076,1909f56bfc062723c751e8b465ee728b)
Start importing Assets/ANIM_Animations/ANIM_CyberPunk/ANIM_Rumba.anim using Guid(ffd9a202c7f2fec4c9ccd38bec7c3304) Importer(815301076,1909f56bfc062723c751e8b465ee728b) (PreviewImporter) -> (artifact id: 'c24d40ff94d8d088a63c96cc6a9997eb') in 0.0133685 seconds
Number of updated asset objects reloaded before import = 0Number of asset objects unloaded after import = 1

========================================================================
Received Import Request.
  Time since last request: 91.267462 seconds.
  path: Assets/CHAR_Characters/CHAR_CyberPunk/CPD.fbx
  artifactKey: Guid(c1fd7cc9de6059348837fb26af2a49db) Importer(815301076,1909f56bfc062723c751e8b465ee728b)
Start importing Assets/CHAR_Characters/CHAR_CyberPunk/CPD.fbx using Guid(c1fd7cc9de6059348837fb26af2a49db) Importer(815301076,1909f56bfc062723c751e8b465ee728b) (PreviewImporter) -> (artifact id: 'e8c8bfa87fe4d5606f361eee1cd72dc2') in 0.4385817 seconds
Number of updated asset objects reloaded before import = 0Number of asset objects unloaded after import = 162

========================================================================
Received Import Request.
  Time since last request: 179.081129 seconds.
  path: Assets/CHAR_Characters/CHAR_CyberPunk/CPD.fbx
  artifactKey: Guid(c1fd7cc9de6059348837fb26af2a49db) Importer(815301076,1909f56bfc062723c751e8b465ee728b)
Start importing Assets/CHAR_Characters/CHAR_CyberPunk/CPD.fbx using Guid(c1fd7cc9de6059348837fb26af2a49db) Importer(815301076,1909f56bfc062723c751e8b465ee728b) (PreviewImporter) -> (artifact id: 'c96a7edcb9e724cf6ae203f599cebb96') in 0.2321629 seconds
Number of updated asset objects reloaded before import = 0Number of asset objects unloaded after import = 162

========================================================================
Received Import Request.
  Time since last request: 210.456465 seconds.
  path: Assets/ANIM_Animations/ANIM_CyberPunk/Flair.fbx
  artifactKey: Guid(48432e403c2fe644da74a5d2a2559620) Importer(815301076,1909f56bfc062723c751e8b465ee728b)
Start importing Assets/ANIM_Animations/ANIM_CyberPunk/Flair.fbx using Guid(48432e403c2fe644da74a5d2a2559620) Importer(815301076,1909f56bfc062723c751e8b465ee728b) (PreviewImporter) -> (artifact id: 'a36ca7f4c56c20cad5bc9140a9801006') in 1.0757291 seconds
Number of updated asset objects reloaded before import = 0Number of asset objects unloaded after import = 141

========================================================================
Received Import Request.
  Time since last request: 3.615098 seconds.
  path: Assets/ANIM_Animations/ANIM_CyberPunk/mixamo.com.anim
  artifactKey: Guid(5779156c80439964abf4c77bb4cd69f3) Importer(815301076,1909f56bfc062723c751e8b465ee728b)
Start importing Assets/ANIM_Animations/ANIM_CyberPunk/mixamo.com.anim using Guid(5779156c80439964abf4c77bb4cd69f3) Importer(815301076,1909f56bfc062723c751e8b465ee728b) (PreviewImporter) -> (artifact id: '55f34d9f359158321bc861fdf79afbe5') in 0.0050952 seconds
Number of updated asset objects reloaded before import = 0Number of asset objects unloaded after import = 1

========================================================================
Received Import Request.
  Time since last request: 140.551166 seconds.
  path: Assets/ART_Arte/ART_Pergola/Pergola/besedka.fbx
  artifactKey: Guid(7f2f25cc2f18551469a9c40f8b161be7) Importer(815301076,1909f56bfc062723c751e8b465ee728b)
Start importing Assets/ART_Arte/ART_Pergola/Pergola/besedka.fbx using Guid(7f2f25cc2f18551469a9c40f8b161be7) Importer(815301076,1909f56bfc062723c751e8b465ee728b) (PreviewImporter) -> (artifact id: '4ee964c892bee10223466071bbf2d529') in 0.529669 seconds
Number of updated asset objects reloaded before import = 0Number of asset objects unloaded after import = 278

========================================================================
Received Import Request.
  Time since last request: 152.082462 seconds.
  path: Assets/CHAR_Characters/CHAR_CyberPunk/CPD.fbx
  artifactKey: Guid(c1fd7cc9de6059348837fb26af2a49db) Importer(815301076,1909f56bfc062723c751e8b465ee728b)
Start importing Assets/CHAR_Characters/CHAR_CyberPunk/CPD.fbx using Guid(c1fd7cc9de6059348837fb26af2a49db) Importer(815301076,1909f56bfc062723c751e8b465ee728b) (PreviewImporter) -> (artifact id: 'b0308b076697cbb899e49e0a208f50ac') in 0.3350886 seconds
Number of updated asset objects reloaded before import = 0Number of asset objects unloaded after import = 162

========================================================================
Received Import Request.
  Time since last request: 57.241901 seconds.
  path: Assets/CHAR_Characters/CHAR_CyberPunk/New Avatar Mask.mask
  artifactKey: Guid(8f1f80ef5d2e36d409f9d5a86751ff48) Importer(815301076,1909f56bfc062723c751e8b465ee728b)
Start importing Assets/CHAR_Characters/CHAR_CyberPunk/New Avatar Mask.mask using Guid(8f1f80ef5d2e36d409f9d5a86751ff48) Importer(815301076,1909f56bfc062723c751e8b465ee728b) (PreviewImporter) -> (artifact id: 'b4ae75583a9a61c6f48ad45fa6419ad0') in 0.0011052 seconds
Number of updated asset objects reloaded before import = 0Number of asset objects unloaded after import = 1

========================================================================
Received Import Request.
  Time since last request: 27.696025 seconds.
  path: Assets/CHAR_Characters/CHAR_CyberPunk/CPDAvatar.asset
  artifactKey: Guid(6c1644cc05649b249a7fa018bf61deb9) Importer(815301076,1909f56bfc062723c751e8b465ee728b)
Start importing Assets/CHAR_Characters/CHAR_CyberPunk/CPDAvatar.asset using Guid(6c1644cc05649b249a7fa018bf61deb9) Importer(815301076,1909f56bfc062723c751e8b465ee728b) (PreviewImporter) -> (artifact id: '1a6cb161b46dfa3befe05b847d42aff1') in 0.0015057 seconds
Number of updated asset objects reloaded before import = 0Number of asset objects unloaded after import = 1

========================================================================
Received Import Request.
  Time since last request: 83.301734 seconds.
  path: Assets/CHAR_Characters/CHAR_FuturisticArmor
  artifactKey: Guid(124ee8a5af7557f429f3df013924e8e9) Importer(815301076,1909f56bfc062723c751e8b465ee728b)
Start importing Assets/CHAR_Characters/CHAR_FuturisticArmor using Guid(124ee8a5af7557f429f3df013924e8e9) Importer(815301076,1909f56bfc062723c751e8b465ee728b) (PreviewImporter) -> (artifact id: '2d7ca7ffc66a22b62a318fd7c352c500') in 0.0004409 seconds
Number of updated asset objects reloaded before import = 0Number of asset objects unloaded after import = 0

========================================================================
Received Import Request.
  Time since last request: 3.875823 seconds.
  path: Assets/CHAR_Characters/CHAR_FuturisticArmor/Flair.fbx
  artifactKey: Guid(c597526931234304abbacfe74908e99a) Importer(815301076,1909f56bfc062723c751e8b465ee728b)
Start importing Assets/CHAR_Characters/CHAR_FuturisticArmor/Flair.fbx using Guid(c597526931234304abbacfe74908e99a) Importer(815301076,1909f56bfc062723c751e8b465ee728b) (PreviewImporter) -> (artifact id: '8d5354511c30cec57421257949797899') in 0.109493 seconds
Number of updated asset objects reloaded before import = 0Number of asset objects unloaded after import = 141

========================================================================
Received Import Request.
  Time since last request: 31.912869 seconds.
  path: Assets/ANIM_Animations/ANIM_FurutisticArmor
  artifactKey: Guid(38be6e54f0d88e447a5aa575f4f896ec) Importer(815301076,1909f56bfc062723c751e8b465ee728b)
Start importing Assets/ANIM_Animations/ANIM_FurutisticArmor using Guid(38be6e54f0d88e447a5aa575f4f896ec) Importer(815301076,1909f56bfc062723c751e8b465ee728b) (PreviewImporter) -> (artifact id: '5dbf34959512fa3c1474410218907c70') in 0.0004073 seconds
Number of updated asset objects reloaded before import = 0Number of asset objects unloaded after import = 0

========================================================================
Received Import Request.
  Time since last request: 11.148326 seconds.
  path: Assets/ANIM_Animations/ANIM_FurutisticArmor/ANIM_FuturiscitArmor.controller
  artifactKey: Guid(8b1e89dff97ac6f47ade9ab1b802afe1) Importer(815301076,1909f56bfc062723c751e8b465ee728b)
Start importing Assets/ANIM_Animations/ANIM_FurutisticArmor/ANIM_FuturiscitArmor.controller using Guid(8b1e89dff97ac6f47ade9ab1b802afe1) Importer(815301076,1909f56bfc062723c751e8b465ee728b) (PreviewImporter) -> (artifact id: '3848c1b77de35d65d5434efb8a287c33') in 0.0015775 seconds
Number of updated asset objects reloaded before import = 0Number of asset objects unloaded after import = 1

========================================================================
Received Import Request.
  Time since last request: 13.030026 seconds.
  path: Assets/CHAR_Characters/CHAR_FuturisticArmor/mixamo.com.anim
  artifactKey: Guid(8c4f7e52203e0c44390420bb6d5c8461) Importer(815301076,1909f56bfc062723c751e8b465ee728b)
Start importing Assets/CHAR_Characters/CHAR_FuturisticArmor/mixamo.com.anim using Guid(8c4f7e52203e0c44390420bb6d5c8461) Importer(815301076,1909f56bfc062723c751e8b465ee728b) (PreviewImporter) -> (artifact id: '25996b1329f84fde7a34968104a9c0e5') in 0.0056698 seconds
Number of updated asset objects reloaded before import = 0Number of asset objects unloaded after import = 1

========================================================================
Received Import Request.
  Time since last request: 67.502966 seconds.
  path: Assets/CHAR_Characters/CHAR_FuturisticArmor/Flair.fbx
  artifactKey: Guid(c597526931234304abbacfe74908e99a) Importer(815301076,1909f56bfc062723c751e8b465ee728b)
Start importing Assets/CHAR_Characters/CHAR_FuturisticArmor/Flair.fbx using Guid(c597526931234304abbacfe74908e99a) Importer(815301076,1909f56bfc062723c751e8b465ee728b) (PreviewImporter) -> (artifact id: 'bccbc3603adf10982dd5c1fce5a9b3a8') in 0.168176 seconds
Number of updated asset objects reloaded before import = 0Number of asset objects unloaded after import = 143

========================================================================
Received Prepare
Begin MonoManager ReloadAssembly
- Loaded All Assemblies, in  0.444 seconds
Refreshing native plugins compatible for Editor in 0.98 ms, found 3 plugins.
Native extension for WindowsStandalone target not found
Mono: successfully reloaded assembly
- Finished resetting the current domain, in  0.440 seconds
Domain Reload Profiling: 884ms
	BeginReloadAssembly (146ms)
		ExecutionOrderSort (0ms)
		DisableScriptedObjects (12ms)
		BackupInstance (0ms)
		ReleaseScriptingObjects (0ms)
		CreateAndSetChildDomain (43ms)
	RebuildCommonClasses (20ms)
	RebuildNativeTypeToScriptingClass (7ms)
	initialDomainReloadingComplete (17ms)
	LoadAllAssembliesAndSetupDomain (253ms)
		LoadAssemblies (196ms)
		RebuildTransferFunctionScriptingTraits (0ms)
		AnalyzeDomain (110ms)
			TypeCache.Refresh (3ms)
				TypeCache.ScanAssembly (0ms)
			BuildScriptInfoCaches (95ms)
			ResolveRequiredComponents (7ms)
	FinalizeReload (441ms)
		ReleaseScriptCaches (0ms)
		RebuildScriptCaches (0ms)
		SetupLoadedEditorAssemblies (348ms)
			LogAssemblyErrors (0ms)
			InitializePlatformSupportModulesInManaged (1ms)
			SetLoadedEditorAssemblies (4ms)
			BeforeProcessingInitializeOnLoad (76ms)
			ProcessInitializeOnLoadAttributes (230ms)
			ProcessInitializeOnLoadMethodAttributes (32ms)
			AfterProcessingInitializeOnLoad (4ms)
			EditorAssembliesLoaded (0ms)
		ExecutionOrderSort2 (0ms)
		AwakeInstancesAfterBackupRestoration (10ms)
Refreshing native plugins compatible for Editor in 1.06 ms, found 3 plugins.
Preloading 0 native plugins for Editor in 0.00 ms.
Unloading 12 Unused Serialized files (Serialized files now loaded: 0)
Unloading 6084 unused Assets / (3.7 MB). Loaded Objects now: 6907.
Memory consumption went from 165.6 MB to 161.9 MB.
Total: 5.994200 ms (FindLiveObjects: 0.718200 ms CreateObjectMapping: 0.326500 ms MarkObjects: 3.475800 ms  DeleteObjects: 1.472800 ms)

Prepare: number of updated asset objects reloaded= 0
========================================================================
Received Import Request.
  Time since last request: 58.367100 seconds.
  path: Assets/ANIM_Animations/ANIM_CyberPunk/Rumba Dancing.fbx
  artifactKey: Guid(8d0c12d59e4f7cc4e9f2b29314135c7a) Importer(815301076,1909f56bfc062723c751e8b465ee728b)
Start importing Assets/ANIM_Animations/ANIM_CyberPunk/Rumba Dancing.fbx using Guid(8d0c12d59e4f7cc4e9f2b29314135c7a) Importer(815301076,1909f56bfc062723c751e8b465ee728b) (PreviewImporter) -> (artifact id: 'd9749c4790b436ba3fd1cb5a21ab070c') in 0.0337143 seconds
Number of updated asset objects reloaded before import = 0Number of asset objects unloaded after import = 135

========================================================================
Received Import Request.
  Time since last request: 127.617463 seconds.
  path: Assets/CHAR_Characters/CHAR_CyberPunk/CPD.fbx
  artifactKey: Guid(c1fd7cc9de6059348837fb26af2a49db) Importer(815301076,1909f56bfc062723c751e8b465ee728b)
Start importing Assets/CHAR_Characters/CHAR_CyberPunk/CPD.fbx using Guid(c1fd7cc9de6059348837fb26af2a49db) Importer(815301076,1909f56bfc062723c751e8b465ee728b) (PreviewImporter) -> (artifact id: '8bd7ec32ee44171ab21163971657ad58') in 0.4514011 seconds
Number of updated asset objects reloaded before import = 0Number of asset objects unloaded after import = 158

========================================================================
Received Import Request.
  Time since last request: 24.587881 seconds.
  path: Assets/CHAR_Characters/CHAR_CyberPunk/CPD.fbx
  artifactKey: Guid(c1fd7cc9de6059348837fb26af2a49db) Importer(815301076,1909f56bfc062723c751e8b465ee728b)
Start importing Assets/CHAR_Characters/CHAR_CyberPunk/CPD.fbx using Guid(c1fd7cc9de6059348837fb26af2a49db) Importer(815301076,1909f56bfc062723c751e8b465ee728b) (PreviewImporter) -> (artifact id: '2dafd64bcd01db272fabb016f558dc48') in 0.251586 seconds
Number of updated asset objects reloaded before import = 0Number of asset objects unloaded after import = 158

========================================================================
Received Import Request.
  Time since last request: 10.356628 seconds.
  path: Assets/CHAR_Characters/CHAR_CyberPunk/CPD.fbx
  artifactKey: Guid(c1fd7cc9de6059348837fb26af2a49db) Importer(815301076,1909f56bfc062723c751e8b465ee728b)
Start importing Assets/CHAR_Characters/CHAR_CyberPunk/CPD.fbx using Guid(c1fd7cc9de6059348837fb26af2a49db) Importer(815301076,1909f56bfc062723c751e8b465ee728b) (PreviewImporter) -> (artifact id: 'd81263c910db30c561c0106b01f7ea49') in 0.2899602 seconds
Number of updated asset objects reloaded before import = 0Number of asset objects unloaded after import = 160

========================================================================
Received Import Request.
  Time since last request: 92.196827 seconds.
  path: Assets/ANIM_Animations/ANIM_CyberPunk/Rumba Dancing.fbx
  artifactKey: Guid(8d0c12d59e4f7cc4e9f2b29314135c7a) Importer(815301076,1909f56bfc062723c751e8b465ee728b)
Start importing Assets/ANIM_Animations/ANIM_CyberPunk/Rumba Dancing.fbx using Guid(8d0c12d59e4f7cc4e9f2b29314135c7a) Importer(815301076,1909f56bfc062723c751e8b465ee728b) (PreviewImporter) -> (artifact id: '2a5ccaa69901a03a968c39d7f83fcfc9') in 0.0019407 seconds
Number of updated asset objects reloaded before import = 0Number of asset objects unloaded after import = 134

========================================================================
Received Import Request.
  Time since last request: 35.685324 seconds.
  path: Assets/CHAR_Characters/CHAR_CyberPunk/CPD.fbx
  artifactKey: Guid(c1fd7cc9de6059348837fb26af2a49db) Importer(815301076,1909f56bfc062723c751e8b465ee728b)
Start importing Assets/CHAR_Characters/CHAR_CyberPunk/CPD.fbx using Guid(c1fd7cc9de6059348837fb26af2a49db) Importer(815301076,1909f56bfc062723c751e8b465ee728b) (PreviewImporter) -> (artifact id: 'f9a3554c1e11eb5e069ba4ece78df7aa') in 0.2497914 seconds
Number of updated asset objects reloaded before import = 0Number of asset objects unloaded after import = 162

========================================================================
Received Import Request.
  Time since last request: 21.685758 seconds.
  path: Assets/ANIM_Animations/ANIM_CyberPunk/Rumba Dancing.fbx
  artifactKey: Guid(8d0c12d59e4f7cc4e9f2b29314135c7a) Importer(815301076,1909f56bfc062723c751e8b465ee728b)
Start importing Assets/ANIM_Animations/ANIM_CyberPunk/Rumba Dancing.fbx using Guid(8d0c12d59e4f7cc4e9f2b29314135c7a) Importer(815301076,1909f56bfc062723c751e8b465ee728b) (PreviewImporter) -> (artifact id: '37216d7de376f0eb0e58f1a2c21d5e8e') in 0.0021659 seconds
Number of updated asset objects reloaded before import = 0Number of asset objects unloaded after import = 134

========================================================================
Received Import Request.
  Time since last request: 186.214982 seconds.
  path: Assets/CHAR_Characters/CHAR_CyberPunk/CPD.fbx
  artifactKey: Guid(c1fd7cc9de6059348837fb26af2a49db) Importer(815301076,1909f56bfc062723c751e8b465ee728b)
Start importing Assets/CHAR_Characters/CHAR_CyberPunk/CPD.fbx using Guid(c1fd7cc9de6059348837fb26af2a49db) Importer(815301076,1909f56bfc062723c751e8b465ee728b) (PreviewImporter) -> (artifact id: 'a6a7e7c309350bb540011848ea339d86') in 0.2608831 seconds
Number of updated asset objects reloaded before import = 0Number of asset objects unloaded after import = 162

========================================================================
Received Import Request.
  Time since last request: 10.995443 seconds.
  path: Assets/CHAR_Characters/CHAR_CyberPunk/CPD.fbx
  artifactKey: Guid(c1fd7cc9de6059348837fb26af2a49db) Importer(815301076,1909f56bfc062723c751e8b465ee728b)
Start importing Assets/CHAR_Characters/CHAR_CyberPunk/CPD.fbx using Guid(c1fd7cc9de6059348837fb26af2a49db) Importer(815301076,1909f56bfc062723c751e8b465ee728b) (PreviewImporter) -> (artifact id: '31ad4e8a127bb5463c28d4d081a1ff1e') in 0.2338849 seconds
Number of updated asset objects reloaded before import = 0Number of asset objects unloaded after import = 162

========================================================================
Received Import Request.
  Time since last request: 27.512121 seconds.
  path: Assets/MAT_Materials/MAT_Light.mat
  artifactKey: Guid(9b0a289c5a1338342a230d1bf61b3d95) Importer(815301076,1909f56bfc062723c751e8b465ee728b)
Start importing Assets/MAT_Materials/MAT_Light.mat using Guid(9b0a289c5a1338342a230d1bf61b3d95) Importer(815301076,1909f56bfc062723c751e8b465ee728b) (PreviewImporter) -> (artifact id: '4a7916abc0288f3a33c4edc4efdafb43') in 0.03318 seconds
Number of updated asset objects reloaded before import = 0Number of asset objects unloaded after import = 1

========================================================================
Received Import Request.
  Time since last request: 12.321476 seconds.
  path: Assets/MAT_Materials/MAT_FuturisticArmorColor.mat
  artifactKey: Guid(82526d904ffd90849b98c9b5b01e791e) Importer(815301076,1909f56bfc062723c751e8b465ee728b)
Start importing Assets/MAT_Materials/MAT_FuturisticArmorColor.mat using Guid(82526d904ffd90849b98c9b5b01e791e) Importer(815301076,1909f56bfc062723c751e8b465ee728b) (PreviewImporter) -> (artifact id: '992fb7838292d861aec0695ae8adaa40') in 0.0323438 seconds
Number of updated asset objects reloaded before import = 0Number of asset objects unloaded after import = 1

========================================================================
Received Import Request.
  Time since last request: 67.353584 seconds.
  path: Assets/ANIM_Animations/ANIM_FurutisticArmor/ANIM_FuturisticArmor.controller
  artifactKey: Guid(dfffa32ac5bbf154baf36db1be5e9797) Importer(815301076,1909f56bfc062723c751e8b465ee728b)
Start importing Assets/ANIM_Animations/ANIM_FurutisticArmor/ANIM_FuturisticArmor.controller using Guid(dfffa32ac5bbf154baf36db1be5e9797) Importer(815301076,1909f56bfc062723c751e8b465ee728b) (PreviewImporter) -> (artifact id: '20a0235f3c9d130d2c5e3967caef8693') in 0.0014923 seconds
Number of updated asset objects reloaded before import = 0Number of asset objects unloaded after import = 1

========================================================================
Received Import Request.
  Time since last request: 13.389565 seconds.
  path: Assets/CHAR_Characters/CHAR_FuturisticArmor/mixamo.com.anim
  artifactKey: Guid(915e63c336a38ce4e8070be6aed933f0) Importer(815301076,1909f56bfc062723c751e8b465ee728b)
Start importing Assets/CHAR_Characters/CHAR_FuturisticArmor/mixamo.com.anim using Guid(915e63c336a38ce4e8070be6aed933f0) Importer(815301076,1909f56bfc062723c751e8b465ee728b) (PreviewImporter) -> (artifact id: 'c8beb7905f5a7b7612db08dc846e6b5b') in 0.0050679 seconds
Number of updated asset objects reloaded before import = 0Number of asset objects unloaded after import = 1

========================================================================
Received Import Request.
  Time since last request: 6.633438 seconds.
  path: Assets/CHAR_Characters/CHAR_FuturisticArmor/ANIM_Flair.anim
  artifactKey: Guid(915e63c336a38ce4e8070be6aed933f0) Importer(815301076,1909f56bfc062723c751e8b465ee728b)
Start importing Assets/CHAR_Characters/CHAR_FuturisticArmor/ANIM_Flair.anim using Guid(915e63c336a38ce4e8070be6aed933f0) Importer(815301076,1909f56bfc062723c751e8b465ee728b) (PreviewImporter) -> (artifact id: '02c7fa151b985ad14000b00b5f3ddfd5') in 0.0064457 seconds
Number of updated asset objects reloaded before import = 0Number of asset objects unloaded after import = 1

========================================================================
Received Import Request.
  Time since last request: 245.585318 seconds.
  path: Assets/ANIM_Animations/ANIM_CyberPunk/New Animator Controller.controller
  artifactKey: Guid(664de8fd6d845dc48ae10c7d64542edb) Importer(815301076,1909f56bfc062723c751e8b465ee728b)
Start importing Assets/ANIM_Animations/ANIM_CyberPunk/New Animator Controller.controller using Guid(664de8fd6d845dc48ae10c7d64542edb) Importer(815301076,1909f56bfc062723c751e8b465ee728b) (PreviewImporter) -> (artifact id: 'ed00bf1d400ed2db119ba5161c63c839') in 0.0010118 seconds
Number of updated asset objects reloaded before import = 0Number of asset objects unloaded after import = 1

========================================================================
Received Import Request.
  Time since last request: 12.424200 seconds.
  path: Assets/ANIM_Animations/ANIM_CyberPunk/ANIM_Fumba.controller
  artifactKey: Guid(664de8fd6d845dc48ae10c7d64542edb) Importer(815301076,1909f56bfc062723c751e8b465ee728b)
Start importing Assets/ANIM_Animations/ANIM_CyberPunk/ANIM_Fumba.controller using Guid(664de8fd6d845dc48ae10c7d64542edb) Importer(815301076,1909f56bfc062723c751e8b465ee728b) (PreviewImporter) -> (artifact id: '01c59f08abb127257b61b5c1f1c9933b') in 0.0008855 seconds
Number of updated asset objects reloaded before import = 0Number of asset objects unloaded after import = 2

========================================================================
Received Import Request.
  Time since last request: 5.955409 seconds.
  path: Assets/ANIM_Animations/ANIM_CyberPunk/mixamo.com.anim
  artifactKey: Guid(5779156c80439964abf4c77bb4cd69f3) Importer(815301076,1909f56bfc062723c751e8b465ee728b)
Start importing Assets/ANIM_Animations/ANIM_CyberPunk/mixamo.com.anim using Guid(5779156c80439964abf4c77bb4cd69f3) Importer(815301076,1909f56bfc062723c751e8b465ee728b) (PreviewImporter) -> (artifact id: '701ed92a28d7d5bca4ab5aa6358d5640') in 0.0041987 seconds
Number of updated asset objects reloaded before import = 0Number of asset objects unloaded after import = 1

========================================================================
Received Import Request.
  Time since last request: 3.736696 seconds.
  path: Assets/ANIM_Animations/ANIM_CyberPunk/Rumba.anim
  artifactKey: Guid(5779156c80439964abf4c77bb4cd69f3) Importer(815301076,1909f56bfc062723c751e8b465ee728b)
Start importing Assets/ANIM_Animations/ANIM_CyberPunk/Rumba.anim using Guid(5779156c80439964abf4c77bb4cd69f3) Importer(815301076,1909f56bfc062723c751e8b465ee728b) (PreviewImporter) -> (artifact id: '664187920b510618526af6cfbe56b4a8') in 0.0043499 seconds
Number of updated asset objects reloaded before import = 0Number of asset objects unloaded after import = 1

========================================================================
Received Import Request.
  Time since last request: 7.533126 seconds.
  path: Assets/ANIM_Animations/ANIM_CyberPunk/ANIM_Rumba.controller
  artifactKey: Guid(664de8fd6d845dc48ae10c7d64542edb) Importer(815301076,1909f56bfc062723c751e8b465ee728b)
Start importing Assets/ANIM_Animations/ANIM_CyberPunk/ANIM_Rumba.controller using Guid(664de8fd6d845dc48ae10c7d64542edb) Importer(815301076,1909f56bfc062723c751e8b465ee728b) (PreviewImporter) -> (artifact id: '1614b1dcc7bb1cc6b477b82dce40e42e') in 0.0008196 seconds
Number of updated asset objects reloaded before import = 0Number of asset objects unloaded after import = 2

========================================================================
Received Import Request.
  Time since last request: 3419.475091 seconds.
  path: Assets/CHAR_Characters/CHAR_Aion
  artifactKey: Guid(b785b2a28ffbffc46bed40d0e666614c) Importer(815301076,1909f56bfc062723c751e8b465ee728b)
Start importing Assets/CHAR_Characters/CHAR_Aion using Guid(b785b2a28ffbffc46bed40d0e666614c) Importer(815301076,1909f56bfc062723c751e8b465ee728b) (PreviewImporter) -> (artifact id: '639721e621dfca523ef1e8e5ee753e18') in 0.0005856 seconds
Number of updated asset objects reloaded before import = 0Number of asset objects unloaded after import = 0

========================================================================
Received Import Request.
  Time since last request: 5.412915 seconds.
  path: Assets/CHAR_Characters/CHAR_Aion/AION.fbx
  artifactKey: Guid(fdc52594182aaa6409a1b38c9740d265) Importer(815301076,1909f56bfc062723c751e8b465ee728b)
Start importing Assets/CHAR_Characters/CHAR_Aion/AION.fbx using Guid(fdc52594182aaa6409a1b38c9740d265) Importer(815301076,1909f56bfc062723c751e8b465ee728b) (PreviewImporter) -> (artifact id: 'a354e7c21c7953250305c475fdab8d61') in 1.4352046 seconds
Number of updated asset objects reloaded before import = 0Number of asset objects unloaded after import = 2405

========================================================================
Received Import Request.
  Time since last request: 9.154550 seconds.
  path: Assets/ANIM_Animations/ANIM_Aion
  artifactKey: Guid(448f35bb192a96340893aa5ffbaeaa20) Importer(815301076,1909f56bfc062723c751e8b465ee728b)
Start importing Assets/ANIM_Animations/ANIM_Aion using Guid(448f35bb192a96340893aa5ffbaeaa20) Importer(815301076,1909f56bfc062723c751e8b465ee728b) (PreviewImporter) -> (artifact id: 'a5b190b37d5c5ed46f283ab7de5fda8a') in 0.0004653 seconds
Number of updated asset objects reloaded before import = 0Number of asset objects unloaded after import = 0

========================================================================
Received Import Request.
  Time since last request: 7.180442 seconds.
  path: Assets/ANIM_Animations/ANIM_Aion/Northern Soul Spin.fbx
  artifactKey: Guid(bafb4b6fd4eac5e47abb502d9e124018) Importer(815301076,1909f56bfc062723c751e8b465ee728b)
Start importing Assets/ANIM_Animations/ANIM_Aion/Northern Soul Spin.fbx using Guid(bafb4b6fd4eac5e47abb502d9e124018) Importer(815301076,1909f56bfc062723c751e8b465ee728b) (PreviewImporter) -> (artifact id: '7ed7c3a65c3cd158a70f76332dc27219') in 0.0030101 seconds
Number of updated asset objects reloaded before import = 0Number of asset objects unloaded after import = 135

========================================================================
Received Import Request.
  Time since last request: 8.755131 seconds.
  path: Assets/ANIM_Animations/ANIM_Aion/ANIM_Aion.controller
  artifactKey: Guid(8af9394a7e2f8b941990ed0e719ae3e3) Importer(815301076,1909f56bfc062723c751e8b465ee728b)
Start importing Assets/ANIM_Animations/ANIM_Aion/ANIM_Aion.controller using Guid(8af9394a7e2f8b941990ed0e719ae3e3) Importer(815301076,1909f56bfc062723c751e8b465ee728b) (PreviewImporter) -> (artifact id: 'f944632f8e663725206d2cef40768f4d') in 0.0009635 seconds
Number of updated asset objects reloaded before import = 0Number of asset objects unloaded after import = 1

========================================================================
Received Import Request.
  Time since last request: 19.356499 seconds.
  path: Assets/CHAR_Characters/CHAR_Aion/AION.fbx
  artifactKey: Guid(fdc52594182aaa6409a1b38c9740d265) Importer(815301076,1909f56bfc062723c751e8b465ee728b)
Start importing Assets/CHAR_Characters/CHAR_Aion/AION.fbx using Guid(fdc52594182aaa6409a1b38c9740d265) Importer(815301076,1909f56bfc062723c751e8b465ee728b) (PreviewImporter) -> (artifact id: '521f1283fffe9337f36c061403dba281') in 0.0754523 seconds
Number of updated asset objects reloaded before import = 0Number of asset objects unloaded after import = 2405

========================================================================
Received Import Request.
  Time since last request: 12.441252 seconds.
  path: Assets/CHAR_Characters/CHAR_Aion/AION.fbx
  artifactKey: Guid(fdc52594182aaa6409a1b38c9740d265) Importer(815301076,1909f56bfc062723c751e8b465ee728b)
Start importing Assets/CHAR_Characters/CHAR_Aion/AION.fbx using Guid(fdc52594182aaa6409a1b38c9740d265) Importer(815301076,1909f56bfc062723c751e8b465ee728b) (PreviewImporter) -> (artifact id: 'ee9cccd88525171a9bbe0f546c0dc7b2') in 0.1223719 seconds
Number of updated asset objects reloaded before import = 0Number of asset objects unloaded after import = 2405

========================================================================
Received Import Request.
  Time since last request: 23.851063 seconds.
  path: Assets/CHAR_Characters/CHAR_Aion/AION.fbx
  artifactKey: Guid(fdc52594182aaa6409a1b38c9740d265) Importer(815301076,1909f56bfc062723c751e8b465ee728b)
Start importing Assets/CHAR_Characters/CHAR_Aion/AION.fbx using Guid(fdc52594182aaa6409a1b38c9740d265) Importer(815301076,1909f56bfc062723c751e8b465ee728b) (PreviewImporter) -> (artifact id: 'ae4e52fd9db61c5065e91b15504a80df') in 0.1219456 seconds
Number of updated asset objects reloaded before import = 0Number of asset objects unloaded after import = 2405

========================================================================
Received Import Request.
  Time since last request: 16.688945 seconds.
  path: Assets/CHAR_Characters/CHAR_Aion/TEXT_Aion
  artifactKey: Guid(fd140cf5bf017a84f87fe5420e02ba15) Importer(815301076,1909f56bfc062723c751e8b465ee728b)
Start importing Assets/CHAR_Characters/CHAR_Aion/TEXT_Aion using Guid(fd140cf5bf017a84f87fe5420e02ba15) Importer(815301076,1909f56bfc062723c751e8b465ee728b) (PreviewImporter) -> (artifact id: 'b4e38f647f58f2df10cfe51241b2370f') in 0.0004407 seconds
Number of updated asset objects reloaded before import = 0Number of asset objects unloaded after import = 0

========================================================================
Received Import Request.
  Time since last request: 7.283920 seconds.
  path: Assets/CHAR_Characters/CHAR_Aion/TEXT_Aion/AmbientOcclusionMap.png
  artifactKey: Guid(3bb42430a4f64dc46b639ccfb49548a9) Importer(815301076,1909f56bfc062723c751e8b465ee728b)
Start importing Assets/CHAR_Characters/CHAR_Aion/TEXT_Aion/AmbientOcclusionMap.png using Guid(3bb42430a4f64dc46b639ccfb49548a9) Importer(815301076,1909f56bfc062723c751e8b465ee728b) (PreviewImporter) -> (artifact id: '40aca837aebe78cebb0f1634b17467fd') in 0.0252262 seconds
Number of updated asset objects reloaded before import = 0Number of asset objects unloaded after import = 2

========================================================================
Received Import Request.
  Time since last request: 0.000021 seconds.
  path: Assets/CHAR_Characters/CHAR_Aion/TEXT_Aion/Emission.png
  artifactKey: Guid(40cc0650cb7e4574b9b7e5fdad0c3ac2) Importer(815301076,1909f56bfc062723c751e8b465ee728b)
Start importing Assets/CHAR_Characters/CHAR_Aion/TEXT_Aion/Emission.png using Guid(40cc0650cb7e4574b9b7e5fdad0c3ac2) Importer(815301076,1909f56bfc062723c751e8b465ee728b) (PreviewImporter) -> (artifact id: 'a7194462f6f51a9d944ff18cdb5595c9') in 0.0171112 seconds
Number of updated asset objects reloaded before import = 0Number of asset objects unloaded after import = 2

========================================================================
Received Import Request.
  Time since last request: 20.518150 seconds.
  path: Assets/MAT_Materials/MAT_FuturisticArmorColor.mat
  artifactKey: Guid(82526d904ffd90849b98c9b5b01e791e) Importer(815301076,1909f56bfc062723c751e8b465ee728b)
Start importing Assets/MAT_Materials/MAT_FuturisticArmorColor.mat using Guid(82526d904ffd90849b98c9b5b01e791e) Importer(815301076,1909f56bfc062723c751e8b465ee728b) (PreviewImporter) -> (artifact id: 'ad480cc89d7f691fb0a5152bb10c8c9b') in 0.0303557 seconds
Number of updated asset objects reloaded before import = 0Number of asset objects unloaded after import = 1

========================================================================
Received Import Request.
  Time since last request: 5.221566 seconds.
  path: Assets/MAT_Materials/MAT_Aion.mat
  artifactKey: Guid(547d17f3bed08e04f800a266f19ed20b) Importer(815301076,1909f56bfc062723c751e8b465ee728b)
Start importing Assets/MAT_Materials/MAT_Aion.mat using Guid(547d17f3bed08e04f800a266f19ed20b) Importer(815301076,1909f56bfc062723c751e8b465ee728b) (PreviewImporter) -> (artifact id: '1ba6cf97934086b78c080dca011acb65') in 0.0151828 seconds
Number of updated asset objects reloaded before import = 0Number of asset objects unloaded after import = 1

========================================================================
Received Import Request.
  Time since last request: 45.164025 seconds.
  path: Assets/CHAR_Characters/CHAR_Aion/TEXT_Aion/NormalMap.png
  artifactKey: Guid(65777eb52fd8d68458852e516bbf576b) Importer(815301076,1909f56bfc062723c751e8b465ee728b)
Start importing Assets/CHAR_Characters/CHAR_Aion/TEXT_Aion/NormalMap.png using Guid(65777eb52fd8d68458852e516bbf576b) Importer(815301076,1909f56bfc062723c751e8b465ee728b) (PreviewImporter) -> (artifact id: 'f6277a8b458079b3593259a1adf84f18') in 0.0457815 seconds
Number of updated asset objects reloaded before import = 0Number of asset objects unloaded after import = 2

========================================================================
Received Import Request.
  Time since last request: 130.157189 seconds.
  path: Assets/ANIM_Animations/ANIM_Aion/mixamo.com.anim
  artifactKey: Guid(7f174183653affa49b2b7ddd72bf04f4) Importer(815301076,1909f56bfc062723c751e8b465ee728b)
Start importing Assets/ANIM_Animations/ANIM_Aion/mixamo.com.anim using Guid(7f174183653affa49b2b7ddd72bf04f4) Importer(815301076,1909f56bfc062723c751e8b465ee728b) (PreviewImporter) -> (artifact id: 'b9393b5826d03a15d6ed08595739bc8e') in 0.0056458 seconds
Number of updated asset objects reloaded before import = 0Number of asset objects unloaded after import = 1

========================================================================
Received Import Request.
  Time since last request: 10.077520 seconds.
  path: Assets/ANIM_Animations/ANIM_Aion/ANIM_North.anim
  artifactKey: Guid(7f174183653affa49b2b7ddd72bf04f4) Importer(815301076,1909f56bfc062723c751e8b465ee728b)
Start importing Assets/ANIM_Animations/ANIM_Aion/ANIM_North.anim using Guid(7f174183653affa49b2b7ddd72bf04f4) Importer(815301076,1909f56bfc062723c751e8b465ee728b) (PreviewImporter) -> (artifact id: 'c5fa8b86829aa86ccf0b579f9001d9d9') in 0.0058215 seconds
Number of updated asset objects reloaded before import = 0Number of asset objects unloaded after import = 1

========================================================================
Received Import Request.
  Time since last request: 19.785900 seconds.
  path: Assets/CHAR_Characters/CHAR_Aion/AION.fbx
  artifactKey: Guid(fdc52594182aaa6409a1b38c9740d265) Importer(815301076,1909f56bfc062723c751e8b465ee728b)
Start importing Assets/CHAR_Characters/CHAR_Aion/AION.fbx using Guid(fdc52594182aaa6409a1b38c9740d265) Importer(815301076,1909f56bfc062723c751e8b465ee728b) (PreviewImporter) -> (artifact id: '8fb2529938efaaaddaf724aa391c9b3d') in 0.1039672 seconds
Number of updated asset objects reloaded before import = 0Number of asset objects unloaded after import = 2407

========================================================================
Received Import Request.
  Time since last request: 86.485685 seconds.
  path: Assets/ANIM_Animations/ANIM_Aion/Northern Soul Spin.fbx
  artifactKey: Guid(bafb4b6fd4eac5e47abb502d9e124018) Importer(815301076,1909f56bfc062723c751e8b465ee728b)
Start importing Assets/ANIM_Animations/ANIM_Aion/Northern Soul Spin.fbx using Guid(bafb4b6fd4eac5e47abb502d9e124018) Importer(815301076,1909f56bfc062723c751e8b465ee728b) (PreviewImporter) -> (artifact id: '08763c8169c36dc62b9515a280abfcde') in 0.0022568 seconds
Number of updated asset objects reloaded before import = 0Number of asset objects unloaded after import = 134

========================================================================
Received Import Request.
  Time since last request: 184.249667 seconds.
  path: Assets/ANIM_Animations/ANIM_Aion/mixamo.com.anim
  artifactKey: Guid(ac0353c5854402b4ca5d6453618ef582) Importer(815301076,1909f56bfc062723c751e8b465ee728b)
Start importing Assets/ANIM_Animations/ANIM_Aion/mixamo.com.anim using Guid(ac0353c5854402b4ca5d6453618ef582) Importer(815301076,1909f56bfc062723c751e8b465ee728b) (PreviewImporter) -> (artifact id: '6712ecff69dad0f2f61f3cc634f4425e') in 0.0188681 seconds
Number of updated asset objects reloaded before import = 0Number of asset objects unloaded after import = 1

========================================================================
Received Import Request.
  Time since last request: 10.568160 seconds.
  path: Assets/ANIM_Animations/ANIM_Aion/ANIM_Nothern.anim
  artifactKey: Guid(ac0353c5854402b4ca5d6453618ef582) Importer(815301076,1909f56bfc062723c751e8b465ee728b)
Start importing Assets/ANIM_Animations/ANIM_Aion/ANIM_Nothern.anim using Guid(ac0353c5854402b4ca5d6453618ef582) Importer(815301076,1909f56bfc062723c751e8b465ee728b) (PreviewImporter) -> (artifact id: '744ab955e277fb30597d190a2f2da3ac') in 0.0195941 seconds
Number of updated asset objects reloaded before import = 0Number of asset objects unloaded after import = 1

========================================================================
Received Import Request.
  Time since last request: 348.659300 seconds.
  path: Assets/ANIM_Animations/ANIM_Aion/Northern Soul Spin.fbx
  artifactKey: Guid(bafb4b6fd4eac5e47abb502d9e124018) Importer(815301076,1909f56bfc062723c751e8b465ee728b)
Start importing Assets/ANIM_Animations/ANIM_Aion/Northern Soul Spin.fbx using Guid(bafb4b6fd4eac5e47abb502d9e124018) Importer(815301076,1909f56bfc062723c751e8b465ee728b) (PreviewImporter) -> (artifact id: 'a2afd5553d1675115a9263b47160286d') in 0.0025365 seconds
Number of updated asset objects reloaded before import = 0Number of asset objects unloaded after import = 134

========================================================================
Received Import Request.
  Time since last request: 3.224385 seconds.
  path: Assets/ANIM_Animations/ANIM_Aion/Northern Soul Spin.fbx
  artifactKey: Guid(bafb4b6fd4eac5e47abb502d9e124018) Importer(815301076,1909f56bfc062723c751e8b465ee728b)
Start importing Assets/ANIM_Animations/ANIM_Aion/Northern Soul Spin.fbx using Guid(bafb4b6fd4eac5e47abb502d9e124018) Importer(815301076,1909f56bfc062723c751e8b465ee728b) (PreviewImporter) -> (artifact id: 'ac50390c0abb1d777723f4d144dad798') in 0.0021252 seconds
Number of updated asset objects reloaded before import = 0Number of asset objects unloaded after import = 134

========================================================================
Received Import Request.
  Time since last request: 88.947103 seconds.
  path: Assets/ANIM_Animations/ANIM_Aion/Rumba Dancing.fbx
  artifactKey: Guid(535c13e597bdad4439b5e1552c09a237) Importer(815301076,1909f56bfc062723c751e8b465ee728b)
Start importing Assets/ANIM_Animations/ANIM_Aion/Rumba Dancing.fbx using Guid(535c13e597bdad4439b5e1552c09a237) Importer(815301076,1909f56bfc062723c751e8b465ee728b) (PreviewImporter) -> (artifact id: 'd936804ef7d94491161614dfed6b7c27') in 0.0031193 seconds
Number of updated asset objects reloaded before import = 0Number of asset objects unloaded after import = 135

========================================================================
Received Import Request.
  Time since last request: 185.855273 seconds.
  path: Assets/ANIM_Animations/ANIM_Aion/ANIM_Aion.controller
  artifactKey: Guid(8af9394a7e2f8b941990ed0e719ae3e3) Importer(815301076,1909f56bfc062723c751e8b465ee728b)
Start importing Assets/ANIM_Animations/ANIM_Aion/ANIM_Aion.controller using Guid(8af9394a7e2f8b941990ed0e719ae3e3) Importer(815301076,1909f56bfc062723c751e8b465ee728b) (PreviewImporter) -> (artifact id: '49d7f7a43a80d39392520e48c23482bf') in 0.0015112 seconds
Number of updated asset objects reloaded before import = 0Number of asset objects unloaded after import = 4

========================================================================
Received Import Request.
  Time since last request: 309.253210 seconds.
  path: Assets/ANIM_Animations/ANIM_CyberPunk/ANIM_Rumba.controller
  artifactKey: Guid(664de8fd6d845dc48ae10c7d64542edb) Importer(815301076,1909f56bfc062723c751e8b465ee728b)
Start importing Assets/ANIM_Animations/ANIM_CyberPunk/ANIM_Rumba.controller using Guid(664de8fd6d845dc48ae10c7d64542edb) Importer(815301076,1909f56bfc062723c751e8b465ee728b) (PreviewImporter) -> (artifact id: '798d9ce52bb53c3b6c8a4eca8be4aad9') in 0.004494 seconds
Number of updated asset objects reloaded before import = 0Number of asset objects unloaded after import = 4

========================================================================
Received Import Request.
  Time since last request: 475.746508 seconds.
  path: Assets/ANIM_Animations/ANIM_Aion/Ch44_nonPBR@Northern Soul Spin.fbx
  artifactKey: Guid(9bedfc71e346ea74888dd233f8972760) Importer(815301076,1909f56bfc062723c751e8b465ee728b)
Start importing Assets/ANIM_Animations/ANIM_Aion/Ch44_nonPBR@Northern Soul Spin.fbx using Guid(9bedfc71e346ea74888dd233f8972760) Importer(815301076,1909f56bfc062723c751e8b465ee728b) (PreviewImporter) -> (artifact id: 'e9d606b5cd412c08e5a68979fec9e619') in 0.0038644 seconds
Number of updated asset objects reloaded before import = 0Number of asset objects unloaded after import = 135

========================================================================
Received Import Request.
  Time since last request: 3.999813 seconds.
  path: Assets/ANIM_Animations/ANIM_Aion/Northern Soul Spin.anim
  artifactKey: Guid(c9c808ef2d3d3224180dd404bd7c50b9) Importer(815301076,1909f56bfc062723c751e8b465ee728b)
Start importing Assets/ANIM_Animations/ANIM_Aion/Northern Soul Spin.anim using Guid(c9c808ef2d3d3224180dd404bd7c50b9) Importer(815301076,1909f56bfc062723c751e8b465ee728b) (PreviewImporter) -> (artifact id: '3b556d4f714427f19bc886823914eb54') in 0.0055859 seconds
Number of updated asset objects reloaded before import = 0Number of asset objects unloaded after import = 1

========================================================================
Received Import Request.
  Time since last request: 348.060498 seconds.
  path: Assets/Kevin Iglesias
  artifactKey: Guid(c4720d2fe56a80947b3ad2590cbe4ae2) Importer(815301076,1909f56bfc062723c751e8b465ee728b)
Start importing Assets/Kevin Iglesias using Guid(c4720d2fe56a80947b3ad2590cbe4ae2) Importer(815301076,1909f56bfc062723c751e8b465ee728b) (PreviewImporter) -> (artifact id: '19ffc862cb77c8c10197e481b2939c52') in 0.0005732 seconds
Number of updated asset objects reloaded before import = 0Number of asset objects unloaded after import = 0

========================================================================
Received Import Request.
  Time since last request: 1.524131 seconds.
  path: Assets/Kevin Iglesias/Human Animations
  artifactKey: Guid(b6e7451db795eb14b8b86c01246b4e45) Importer(815301076,1909f56bfc062723c751e8b465ee728b)
Start importing Assets/Kevin Iglesias/Human Animations using Guid(b6e7451db795eb14b8b86c01246b4e45) Importer(815301076,1909f56bfc062723c751e8b465ee728b) (PreviewImporter) -> (artifact id: 'ed48ebc7eca0ba837eeaddc6a1485195') in 0.0004812 seconds
Number of updated asset objects reloaded before import = 0Number of asset objects unloaded after import = 0

========================================================================
Received Import Request.
  Time since last request: 0.580416 seconds.
  path: Assets/Kevin Iglesias/Human Animations/Animations
  artifactKey: Guid(efeb8c36a1723364392603dda24becb0) Importer(815301076,1909f56bfc062723c751e8b465ee728b)
Start importing Assets/Kevin Iglesias/Human Animations/Animations using Guid(efeb8c36a1723364392603dda24becb0) Importer(815301076,1909f56bfc062723c751e8b465ee728b) (PreviewImporter) -> (artifact id: '07bffe7b11f55b9cd1e5695cff06cd48') in 0.0004589 seconds
Number of updated asset objects reloaded before import = 0Number of asset objects unloaded after import = 0

========================================================================
Received Import Request.
  Time since last request: 0.949125 seconds.
  path: Assets/Kevin Iglesias/Human Animations/Animations/Male
  artifactKey: Guid(f2c0bdf39740723408c784517a995932) Importer(815301076,1909f56bfc062723c751e8b465ee728b)
Start importing Assets/Kevin Iglesias/Human Animations/Animations/Male using Guid(f2c0bdf39740723408c784517a995932) Importer(815301076,1909f56bfc062723c751e8b465ee728b) (PreviewImporter) -> (artifact id: '27aafa67c9031c47415190968f97c632') in 0.0004242 seconds
Number of updated asset objects reloaded before import = 0Number of asset objects unloaded after import = 0

========================================================================
Received Import Request.
  Time since last request: 0.980273 seconds.
  path: Assets/Kevin Iglesias/Human Animations/Animations/Male/Idles
  artifactKey: Guid(e6594c847f8afc14d9221105e31658cd) Importer(815301076,1909f56bfc062723c751e8b465ee728b)
Start importing Assets/Kevin Iglesias/Human Animations/Animations/Male/Idles using Guid(e6594c847f8afc14d9221105e31658cd) Importer(815301076,1909f56bfc062723c751e8b465ee728b) (PreviewImporter) -> (artifact id: 'f72180ecf55b4f3002e7a5d1ce6cf6fc') in 0.000445 seconds
Number of updated asset objects reloaded before import = 0Number of asset objects unloaded after import = 0

========================================================================
Received Import Request.
  Time since last request: 0.360629 seconds.
  path: Assets/Kevin Iglesias/Human Animations/Animations/Male/Social
  artifactKey: Guid(3ba01845b5bdefc4493d65ee1b969525) Importer(815301076,1909f56bfc062723c751e8b465ee728b)
Start importing Assets/Kevin Iglesias/Human Animations/Animations/Male/Social using Guid(3ba01845b5bdefc4493d65ee1b969525) Importer(815301076,1909f56bfc062723c751e8b465ee728b) (PreviewImporter) -> (artifact id: '3faf6971f0216eb75304db24b39c3a30') in 0.000437 seconds
Number of updated asset objects reloaded before import = 0Number of asset objects unloaded after import = 0

========================================================================
Received Import Request.
  Time since last request: 0.613024 seconds.
  path: Assets/Kevin Iglesias/Human Animations/Animations/Male/Social/Dance
  artifactKey: Guid(94df3bb334198b242a9e0aed02f3de33) Importer(815301076,1909f56bfc062723c751e8b465ee728b)
Start importing Assets/Kevin Iglesias/Human Animations/Animations/Male/Social/Dance using Guid(94df3bb334198b242a9e0aed02f3de33) Importer(815301076,1909f56bfc062723c751e8b465ee728b) (PreviewImporter) -> (artifact id: 'd223a2c60fdbb194a951be0d0a29e929') in 0.0004078 seconds
Number of updated asset objects reloaded before import = 0Number of asset objects unloaded after import = 0

========================================================================
Received Import Request.
  Time since last request: 1.038043 seconds.
  path: Assets/Kevin Iglesias/Human Animations/Animations/Male/Social/Dance/Poses
  artifactKey: Guid(0a7963c829de3f2449e46dfde43fc288) Importer(815301076,1909f56bfc062723c751e8b465ee728b)
Start importing Assets/Kevin Iglesias/Human Animations/Animations/Male/Social/Dance/Poses using Guid(0a7963c829de3f2449e46dfde43fc288) Importer(815301076,1909f56bfc062723c751e8b465ee728b) (PreviewImporter) -> (artifact id: '51a2aa7b1cbdecaa23729e53304d2f56') in 0.0004439 seconds
Number of updated asset objects reloaded before import = 0Number of asset objects unloaded after import = 0

========================================================================
Received Import Request.
  Time since last request: 0.027714 seconds.
  path: Assets/Kevin Iglesias/Human Animations/Animations/Male/Social/Dance/Poses/HumanM@DancePose01 - Begin.fbx
  artifactKey: Guid(6d109f894baec3b41ac92025a654228c) Importer(815301076,1909f56bfc062723c751e8b465ee728b)
Start importing Assets/Kevin Iglesias/Human Animations/Animations/Male/Social/Dance/Poses/HumanM@DancePose01 - Begin.fbx using Guid(6d109f894baec3b41ac92025a654228c) Importer(815301076,1909f56bfc062723c751e8b465ee728b) (PreviewImporter) -> (artifact id: '82a54fd3b690d60e36f3a1e41cb0a519') in 0.0032048 seconds
Number of updated asset objects reloaded before import = 0Number of asset objects unloaded after import = 119

========================================================================
Received Import Request.
  Time since last request: 0.000018 seconds.
  path: Assets/Kevin Iglesias/Human Animations/Animations/Male/Social/Dance/Poses/HumanM@DancePose02 - Begin.fbx
  artifactKey: Guid(e55564ebf24e164499e567be694adece) Importer(815301076,1909f56bfc062723c751e8b465ee728b)
Start importing Assets/Kevin Iglesias/Human Animations/Animations/Male/Social/Dance/Poses/HumanM@DancePose02 - Begin.fbx using Guid(e55564ebf24e164499e567be694adece) Importer(815301076,1909f56bfc062723c751e8b465ee728b) (PreviewImporter) -> (artifact id: 'c3408219ecc1972286e2b8c730318f83') in 0.0028228 seconds
Number of updated asset objects reloaded before import = 0Number of asset objects unloaded after import = 119

========================================================================
Received Import Request.
  Time since last request: 0.000020 seconds.
  path: Assets/Kevin Iglesias/Human Animations/Animations/Male/Social/Dance/Poses/HumanM@DancePose02 - Loop.fbx
  artifactKey: Guid(534e792881b6ae64d854f5bcf85be24b) Importer(815301076,1909f56bfc062723c751e8b465ee728b)
Start importing Assets/Kevin Iglesias/Human Animations/Animations/Male/Social/Dance/Poses/HumanM@DancePose02 - Loop.fbx using Guid(534e792881b6ae64d854f5bcf85be24b) Importer(815301076,1909f56bfc062723c751e8b465ee728b) (PreviewImporter) -> (artifact id: 'f97442e6f6f5847308048b4647be4ead') in 0.0026037 seconds
Number of updated asset objects reloaded before import = 0Number of asset objects unloaded after import = 119

Editor requested this worker to shutdown with reason: Scaling down because of idle timeout
AssetImportWorker is now disconnected from the server
Process exiting
Exiting without the bug reporter. Application will terminate with return code 0