Using pre-set license
Built from '6000.1/staging' branch; Version is '6000.1.17f1 (c0b9d3899998) revision 12630483'; Using compiler version '194234433'; Build Type 'Release'
OS: 'Windows 11  (10.0.26100) 64bit Professional' Language: 'es' Physical Memory: 63092 MB
BatchMode: 1, IsHumanControllingUs: 0, StartBugReporterOnCrash: 0, Is64bit: 1, IsPro: 1
Date: 2025-11-04T03:02:31Z

COMMAND LINE ARGUMENTS:
C:\Program Files\Unity\Hub\Editor\6000.1.17f1\Editor\Unity.exe
-adb2
-batchMode
-noUpm
-name
AssetImportWorker1
-projectPath
C:/Users/EDUARDO/Desktop/Unity Proyects/Parcial2-MotoresGraficos
-logFile
Logs/AssetImportWorker1.log
-srvPort
59100
-job-worker-count
11
-background-job-worker-count
8
-gc-helper-count
1
-name
AssetImport
Successfully changed project path to: C:/Users/EDUARDO/Desktop/Unity Proyects/Parcial2-MotoresGraficos
C:/Users/EDUARDO/Desktop/Unity Proyects/Parcial2-MotoresGraficos
[UnityMemory] Configuration Parameters - Can be set up in boot.config
    "memorysetup-allocator-temp-initial-block-size-main=262144"
    "memorysetup-allocator-temp-initial-block-size-worker=262144"
    "memorysetup-bucket-allocator-granularity=16"
    "memorysetup-bucket-allocator-bucket-count=8"
    "memorysetup-bucket-allocator-block-size=33554432"
    "memorysetup-bucket-allocator-block-count=8"
    "memorysetup-main-allocator-block-size=16777216"
    "memorysetup-thread-allocator-block-size=16777216"
    "memorysetup-gfx-main-allocator-block-size=16777216"
    "memorysetup-gfx-thread-allocator-block-size=16777216"
    "memorysetup-cache-allocator-block-size=4194304"
    "memorysetup-typetree-allocator-block-size=2097152"
    "memorysetup-profiler-bucket-allocator-granularity=16"
    "memorysetup-profiler-bucket-allocator-bucket-count=8"
    "memorysetup-profiler-bucket-allocator-block-size=33554432"
    "memorysetup-profiler-bucket-allocator-block-count=8"
    "memorysetup-profiler-allocator-block-size=16777216"
    "memorysetup-profiler-editor-allocator-block-size=1048576"
    "memorysetup-temp-allocator-size-main=16777216"
    "memorysetup-job-temp-allocator-block-size=2097152"
    "memorysetup-job-temp-allocator-block-size-background=1048576"
    "memorysetup-job-temp-allocator-reduction-small-platforms=262144"
    "memorysetup-temp-allocator-size-background-worker=32768"
    "memorysetup-temp-allocator-size-job-worker=262144"
    "memorysetup-temp-allocator-size-preload-manager=33554432"
    "memorysetup-temp-allocator-size-nav-mesh-worker=65536"
    "memorysetup-temp-allocator-size-audio-worker=65536"
    "memorysetup-temp-allocator-size-cloud-worker=32768"
    "memorysetup-temp-allocator-size-gi-baking-worker=262144"
    "memorysetup-temp-allocator-size-gi-baking-worker=262144"
    "memorysetup-temp-allocator-size-gi-baking-worker=262144"
    "memorysetup-temp-allocator-size-gi-baking-worker=262144"
    "memorysetup-temp-allocator-size-gi-baking-worker=262144"
    "memorysetup-temp-allocator-size-gfx=262144"
Player connection [50728]  Target information:

Player connection [50728]  * "[IP] 172.16.10.37 [Port] 0 [Flags] 2 [Guid] 2613294488 [EditorId] 2613294488 [Version] 1048832 [Id] WindowsEditor(7,DESKTOP-8DNTQ1G) [Debug] 1 [PackageName] WindowsEditor [ProjectName] Editor" 

Player connection [50728] Host joined multi-casting on [225.0.0.222:54997]...
Player connection [50728] Host joined alternative multi-casting on [225.0.0.222:34997]...
JobSystem: Creating JobQueue using job-worker-count value 11
Input System module state changed to: Initialized.
[Physics::Module] Initialized fallback backend.
[Physics::Module] Id: 0xdecafbad
Library Redirect Path: Library/
[Physics::Module] Selected backend.
[Physics::Module] Name: PhysX
[Physics::Module] Id: 0xf2b8ea05
[Physics::Module] SDK Version: 4.1.2
[Physics::Module] Integration Version: 1.0.0
[Physics::Module] Threading Mode: Multi-Threaded
Refreshing native plugins compatible for Editor in 2.87 ms, found 3 plugins.
Preloading 0 native plugins for Editor in 0.00 ms.
Initialize engine version: 6000.1.17f1 (c0b9d3899998)
[Subsystems] Discovering subsystems at path C:/Program Files/Unity/Hub/Editor/6000.1.17f1/Editor/Data/Resources/UnitySubsystems
[Subsystems] Discovering subsystems at path C:/Users/EDUARDO/Desktop/Unity Proyects/Parcial2-MotoresGraficos/Assets
GfxDevice: creating device client; kGfxThreadingModeNonThreaded
Direct3D:
    Version:         Direct3D 12 [level 12.1]
    Renderer:        NVIDIA GeForce RTX 4090 (ID=0x2684)
    Vendor:          NVIDIA
    VRAM:            24142 MB
    App VRAM Budget: 23374 MB
    Driver:          32.0.15.8115
Initialize mono
Mono path[0] = 'C:/Program Files/Unity/Hub/Editor/6000.1.17f1/Editor/Data/Managed'
Mono path[1] = 'C:/Program Files/Unity/Hub/Editor/6000.1.17f1/Editor/Data/MonoBleedingEdge/lib/mono/unityjit-win32'
Mono config path = 'C:/Program Files/Unity/Hub/Editor/6000.1.17f1/Editor/Data/MonoBleedingEdge/etc'
Using monoOptions --debugger-agent=transport=dt_socket,embedding=1,server=y,suspend=n,address=127.0.0.1:56628
Begin MonoManager ReloadAssembly
Registering precompiled unity dll's ...
Register platform support module: C:/Program Files/Unity/Hub/Editor/6000.1.17f1/Editor/Data/PlaybackEngines/WindowsStandaloneSupport/UnityEditor.WindowsStandalone.Extensions.dll
Registered in 0.002327 seconds.
- Loaded All Assemblies, in  0.294 seconds
Native extension for WindowsStandalone target not found
Mono: successfully reloaded assembly
- Finished resetting the current domain, in  0.255 seconds
Domain Reload Profiling: 547ms
	BeginReloadAssembly (97ms)
		ExecutionOrderSort (0ms)
		DisableScriptedObjects (0ms)
		BackupInstance (0ms)
		ReleaseScriptingObjects (0ms)
		CreateAndSetChildDomain (1ms)
	RebuildCommonClasses (31ms)
	RebuildNativeTypeToScriptingClass (9ms)
	initialDomainReloadingComplete (37ms)
	LoadAllAssembliesAndSetupDomain (118ms)
		LoadAssemblies (94ms)
		RebuildTransferFunctionScriptingTraits (0ms)
		AnalyzeDomain (116ms)
			TypeCache.Refresh (115ms)
				TypeCache.ScanAssembly (105ms)
			BuildScriptInfoCaches (0ms)
			ResolveRequiredComponents (0ms)
	FinalizeReload (255ms)
		ReleaseScriptCaches (0ms)
		RebuildScriptCaches (0ms)
		SetupLoadedEditorAssemblies (223ms)
			LogAssemblyErrors (0ms)
			InitializePlatformSupportModulesInManaged (33ms)
			SetLoadedEditorAssemblies (2ms)
			BeforeProcessingInitializeOnLoad (51ms)
			ProcessInitializeOnLoadAttributes (100ms)
			ProcessInitializeOnLoadMethodAttributes (38ms)
			AfterProcessingInitializeOnLoad (0ms)
			EditorAssembliesLoaded (0ms)
		ExecutionOrderSort2 (0ms)
		AwakeInstancesAfterBackupRestoration (0ms)
========================================================================
Worker process is ready to serve import requests
Import Worker Mode flag is 0x00
Begin MonoManager ReloadAssembly
- Loaded All Assemblies, in  0.630 seconds
Refreshing native plugins compatible for Editor in 1.25 ms, found 3 plugins.
Native extension for WindowsStandalone target not found
Mono: successfully reloaded assembly
- Finished resetting the current domain, in  0.595 seconds
Domain Reload Profiling: 1220ms
	BeginReloadAssembly (152ms)
		ExecutionOrderSort (0ms)
		DisableScriptedObjects (7ms)
		BackupInstance (0ms)
		ReleaseScriptingObjects (0ms)
		CreateAndSetChildDomain (26ms)
	RebuildCommonClasses (35ms)
	RebuildNativeTypeToScriptingClass (9ms)
	initialDomainReloadingComplete (31ms)
	LoadAllAssembliesAndSetupDomain (398ms)
		LoadAssemblies (287ms)
		RebuildTransferFunctionScriptingTraits (0ms)
		AnalyzeDomain (194ms)
			TypeCache.Refresh (138ms)
				TypeCache.ScanAssembly (125ms)
			BuildScriptInfoCaches (43ms)
			ResolveRequiredComponents (9ms)
	FinalizeReload (595ms)
		ReleaseScriptCaches (0ms)
		RebuildScriptCaches (0ms)
		SetupLoadedEditorAssemblies (437ms)
			LogAssemblyErrors (0ms)
			InitializePlatformSupportModulesInManaged (2ms)
			SetLoadedEditorAssemblies (6ms)
			BeforeProcessingInitializeOnLoad (106ms)
			ProcessInitializeOnLoadAttributes (278ms)
			ProcessInitializeOnLoadMethodAttributes (37ms)
			AfterProcessingInitializeOnLoad (7ms)
			EditorAssembliesLoaded (0ms)
		ExecutionOrderSort2 (0ms)
		AwakeInstancesAfterBackupRestoration (6ms)
Launched and connected shader compiler UnityShaderCompiler.exe after 0.01 seconds
Refreshing native plugins compatible for Editor in 0.81 ms, found 3 plugins.
Preloading 0 native plugins for Editor in 0.00 ms.
Unloading 12 Unused Serialized files (Serialized files now loaded: 0)
Unloading 5974 unused Assets / (4.6 MB). Loaded Objects now: 6670.
Memory consumption went from 133.7 MB to 129.1 MB.
Total: 6.891500 ms (FindLiveObjects: 0.552500 ms CreateObjectMapping: 0.356900 ms MarkObjects: 3.526200 ms  DeleteObjects: 2.454900 ms)

========================================================================
Received Prepare
Begin MonoManager ReloadAssembly
- Loaded All Assemblies, in  0.671 seconds
Refreshing native plugins compatible for Editor in 1.39 ms, found 3 plugins.
Native extension for WindowsStandalone target not found
Mono: successfully reloaded assembly
- Finished resetting the current domain, in  0.562 seconds
Domain Reload Profiling: 1232ms
	BeginReloadAssembly (188ms)
		ExecutionOrderSort (0ms)
		DisableScriptedObjects (5ms)
		BackupInstance (0ms)
		ReleaseScriptingObjects (0ms)
		CreateAndSetChildDomain (50ms)
	RebuildCommonClasses (31ms)
	RebuildNativeTypeToScriptingClass (9ms)
	initialDomainReloadingComplete (25ms)
	LoadAllAssembliesAndSetupDomain (415ms)
		LoadAssemblies (307ms)
		RebuildTransferFunctionScriptingTraits (0ms)
		AnalyzeDomain (193ms)
			TypeCache.Refresh (106ms)
				TypeCache.ScanAssembly (97ms)
			BuildScriptInfoCaches (73ms)
			ResolveRequiredComponents (7ms)
	FinalizeReload (563ms)
		ReleaseScriptCaches (0ms)
		RebuildScriptCaches (0ms)
		SetupLoadedEditorAssemblies (433ms)
			LogAssemblyErrors (0ms)
			InitializePlatformSupportModulesInManaged (1ms)
			SetLoadedEditorAssemblies (5ms)
			BeforeProcessingInitializeOnLoad (99ms)
			ProcessInitializeOnLoadAttributes (286ms)
			ProcessInitializeOnLoadMethodAttributes (37ms)
			AfterProcessingInitializeOnLoad (6ms)
			EditorAssembliesLoaded (0ms)
		ExecutionOrderSort2 (0ms)
		AwakeInstancesAfterBackupRestoration (13ms)
Refreshing native plugins compatible for Editor in 1.32 ms, found 3 plugins.
Preloading 0 native plugins for Editor in 0.00 ms.
Unloading 12 Unused Serialized files (Serialized files now loaded: 0)
Unloading 6083 unused Assets / (4.5 MB). Loaded Objects now: 6799.
Memory consumption went from 139.8 MB to 135.3 MB.
Total: 9.713700 ms (FindLiveObjects: 1.100600 ms CreateObjectMapping: 0.862600 ms MarkObjects: 5.368800 ms  DeleteObjects: 2.380400 ms)

Prepare: number of updated asset objects reloaded= 0
========================================================================
Received Import Request.
  Time since last request: 332336.859652 seconds.
  path: Assets/ART_Arte/ART_Pergola/Pergola/setka alpha.png
  artifactKey: Guid(322af1ea6faa57f43b00380b925fb1c8) Importer(815301076,1909f56bfc062723c751e8b465ee728b)
Start importing Assets/ART_Arte/ART_Pergola/Pergola/setka alpha.png using Guid(322af1ea6faa57f43b00380b925fb1c8) Importer(815301076,1909f56bfc062723c751e8b465ee728b) (PreviewImporter) -> (artifact id: 'd2e5773bd501a9ba2373143c2c31c4ad') in 0.3035554 seconds
Number of updated asset objects reloaded before import = 5Number of asset objects unloaded after import = 2

========================================================================
Received Import Request.
  Time since last request: 133.568202 seconds.
  path: Assets/ART_Arte/ART_Pergola/Pergola/textures/setka.png
  artifactKey: Guid(457bc56be98016245920052068bc9a2b) Importer(815301076,1909f56bfc062723c751e8b465ee728b)
Start importing Assets/ART_Arte/ART_Pergola/Pergola/textures/setka.png using Guid(457bc56be98016245920052068bc9a2b) Importer(815301076,1909f56bfc062723c751e8b465ee728b) (PreviewImporter) -> (artifact id: '6f3cd4ce1db918170c355ba552113dfe') in 0.036775 seconds
Number of updated asset objects reloaded before import = 0Number of asset objects unloaded after import = 2

========================================================================
Received Import Request.
  Time since last request: 149.910269 seconds.
  path: Assets/ART_Arte/ART_Pergola/Pergola/textures/armchair-400-tank/Wood009_2K_Color.jpg
  artifactKey: Guid(bd609271efd1ab849b5de7bd10867060) Importer(815301076,1909f56bfc062723c751e8b465ee728b)
Start importing Assets/ART_Arte/ART_Pergola/Pergola/textures/armchair-400-tank/Wood009_2K_Color.jpg using Guid(bd609271efd1ab849b5de7bd10867060) Importer(815301076,1909f56bfc062723c751e8b465ee728b) (PreviewImporter) -> (artifact id: '191d891e69e0ec9ba4d9abb4004939b0') in 0.0146893 seconds
Number of updated asset objects reloaded before import = 0Number of asset objects unloaded after import = 2

========================================================================
Received Import Request.
  Time since last request: 0.000017 seconds.
  path: Assets/ART_Arte/ART_Pergola/Pergola/textures/armchair-400-tank/Wood009_2K_Normal.jpg
  artifactKey: Guid(6dda21cd9a9fc2e41ad60bed705cbef9) Importer(815301076,1909f56bfc062723c751e8b465ee728b)
Start importing Assets/ART_Arte/ART_Pergola/Pergola/textures/armchair-400-tank/Wood009_2K_Normal.jpg using Guid(6dda21cd9a9fc2e41ad60bed705cbef9) Importer(815301076,1909f56bfc062723c751e8b465ee728b) (PreviewImporter) -> (artifact id: 'a4022350ffd979c1380bbae11e164bd5') in 0.0423306 seconds
Number of updated asset objects reloaded before import = 0Number of asset objects unloaded after import = 2

========================================================================
Received Import Request.
  Time since last request: 91.893474 seconds.
  path: Assets/MAT_Materials/New Material.mat
  artifactKey: Guid(9b0a289c5a1338342a230d1bf61b3d95) Importer(815301076,1909f56bfc062723c751e8b465ee728b)
Start importing Assets/MAT_Materials/New Material.mat using Guid(9b0a289c5a1338342a230d1bf61b3d95) Importer(815301076,1909f56bfc062723c751e8b465ee728b) (PreviewImporter) -> (artifact id: '318283c6f6bd968b87466473df4154a7') in 1.684593 seconds
Number of updated asset objects reloaded before import = 0Number of asset objects unloaded after import = 1

========================================================================
Received Import Request.
  Time since last request: 1604.339096 seconds.
  path: Assets/MAT_Materials/New Material 3.mat
  artifactKey: Guid(86ae4babc03738147ba7c2944bc11010) Importer(815301076,1909f56bfc062723c751e8b465ee728b)
Start importing Assets/MAT_Materials/New Material 3.mat using Guid(86ae4babc03738147ba7c2944bc11010) Importer(815301076,1909f56bfc062723c751e8b465ee728b) (PreviewImporter) -> (artifact id: '0cbb437459490bb9351d046011d7e849') in 0.0565049 seconds
Number of updated asset objects reloaded before import = 0Number of asset objects unloaded after import = 1

========================================================================
Received Import Request.
  Time since last request: 0.541269 seconds.
  path: Assets/MAT_Materials/New Material 5.mat
  artifactKey: Guid(35dba8d1f5df89a458254024461fb95f) Importer(815301076,1909f56bfc062723c751e8b465ee728b)
Start importing Assets/MAT_Materials/New Material 5.mat using Guid(35dba8d1f5df89a458254024461fb95f) Importer(815301076,1909f56bfc062723c751e8b465ee728b) (PreviewImporter) -> (artifact id: 'd06bd89a293ee5f8addb12a39174d372') in 0.0602197 seconds
Number of updated asset objects reloaded before import = 0Number of asset objects unloaded after import = 1

========================================================================
Received Import Request.
  Time since last request: 710.235911 seconds.
  path: Assets/CHAR_Characters/CHAR_CyberPunk/CHAR_CyberPunkTextures/CPD_basecolor.png
  artifactKey: Guid(2033c88db98b3d745bfdf8d680d1c98b) Importer(815301076,1909f56bfc062723c751e8b465ee728b)
Start importing Assets/CHAR_Characters/CHAR_CyberPunk/CHAR_CyberPunkTextures/CPD_basecolor.png using Guid(2033c88db98b3d745bfdf8d680d1c98b) Importer(815301076,1909f56bfc062723c751e8b465ee728b) (PreviewImporter) -> (artifact id: '36027955d3c93a722dd4b234d34e6085') in 0.0215049 seconds
Number of updated asset objects reloaded before import = 0Number of asset objects unloaded after import = 2

========================================================================
Received Import Request.
  Time since last request: 0.000032 seconds.
  path: Assets/CHAR_Characters/CHAR_CyberPunk/CHAR_CyberPunkTextures/CPD_metallic.png
  artifactKey: Guid(87ab627247b225646a4818f3bdd925b3) Importer(815301076,1909f56bfc062723c751e8b465ee728b)
Start importing Assets/CHAR_Characters/CHAR_CyberPunk/CHAR_CyberPunkTextures/CPD_metallic.png using Guid(87ab627247b225646a4818f3bdd925b3) Importer(815301076,1909f56bfc062723c751e8b465ee728b) (PreviewImporter) -> (artifact id: '5153dec0a1137b006f1bce3083bc0215') in 0.0254428 seconds
Number of updated asset objects reloaded before import = 0Number of asset objects unloaded after import = 2

========================================================================
Received Import Request.
  Time since last request: 0.000030 seconds.
  path: Assets/CHAR_Characters/CHAR_CyberPunk/CHAR_CyberPunkTextures/CPP_roughness.png
  artifactKey: Guid(ec7e4584b36a99d4e921304b3f1a9aec) Importer(815301076,1909f56bfc062723c751e8b465ee728b)
Start importing Assets/CHAR_Characters/CHAR_CyberPunk/CHAR_CyberPunkTextures/CPP_roughness.png using Guid(ec7e4584b36a99d4e921304b3f1a9aec) Importer(815301076,1909f56bfc062723c751e8b465ee728b) (PreviewImporter) -> (artifact id: '5bd0dcb9174fb6da8a883f68e45c72b9') in 0.0202462 seconds
Number of updated asset objects reloaded before import = 0Number of asset objects unloaded after import = 2

========================================================================
Received Import Request.
  Time since last request: 0.000026 seconds.
  path: Assets/CHAR_Characters/CHAR_CyberPunk/CHAR_CyberPunkTextures/CPP_basecolor.png
  artifactKey: Guid(03d17dbb7cce894449a515f2e077352a) Importer(815301076,1909f56bfc062723c751e8b465ee728b)
Start importing Assets/CHAR_Characters/CHAR_CyberPunk/CHAR_CyberPunkTextures/CPP_basecolor.png using Guid(03d17dbb7cce894449a515f2e077352a) Importer(815301076,1909f56bfc062723c751e8b465ee728b) (PreviewImporter) -> (artifact id: '0ff68caca8d9b04d2b58d31ba6520c72') in 0.026613 seconds
Number of updated asset objects reloaded before import = 0Number of asset objects unloaded after import = 2

========================================================================
Received Import Request.
  Time since last request: 0.000024 seconds.
  path: Assets/CHAR_Characters/CHAR_CyberPunk/CHAR_CyberPunkTextures/CPD_roughness.png
  artifactKey: Guid(226a09a912c9a22489198aa54763c76f) Importer(815301076,1909f56bfc062723c751e8b465ee728b)
Start importing Assets/CHAR_Characters/CHAR_CyberPunk/CHAR_CyberPunkTextures/CPD_roughness.png using Guid(226a09a912c9a22489198aa54763c76f) Importer(815301076,1909f56bfc062723c751e8b465ee728b) (PreviewImporter) -> (artifact id: '2cb40c104f89f5b0bb3afda7a79a14c5') in 0.0218196 seconds
Number of updated asset objects reloaded before import = 0Number of asset objects unloaded after import = 2

========================================================================
Received Import Request.
  Time since last request: 0.000016 seconds.
  path: Assets/CHAR_Characters/CHAR_CyberPunk/CHAR_CyberPunkTextures/CPD_normal.png
  artifactKey: Guid(29296ff1e4ca2db418a65c89371a2f87) Importer(815301076,1909f56bfc062723c751e8b465ee728b)
Start importing Assets/CHAR_Characters/CHAR_CyberPunk/CHAR_CyberPunkTextures/CPD_normal.png using Guid(29296ff1e4ca2db418a65c89371a2f87) Importer(815301076,1909f56bfc062723c751e8b465ee728b) (PreviewImporter) -> (artifact id: '441c4d9e48996e60545a7cffc62a707a') in 0.013286 seconds
Number of updated asset objects reloaded before import = 0Number of asset objects unloaded after import = 2

========================================================================
Received Import Request.
  Time since last request: 0.000017 seconds.
  path: Assets/CHAR_Characters/CHAR_CyberPunk/CHAR_CyberPunkTextures/CPP_normal.png
  artifactKey: Guid(017452e6d0c9a57489b3d775febb73a0) Importer(815301076,1909f56bfc062723c751e8b465ee728b)
Start importing Assets/CHAR_Characters/CHAR_CyberPunk/CHAR_CyberPunkTextures/CPP_normal.png using Guid(017452e6d0c9a57489b3d775febb73a0) Importer(815301076,1909f56bfc062723c751e8b465ee728b) (PreviewImporter) -> (artifact id: '2d8581e57c270111d7c774601a09bd44') in 0.0130309 seconds
Number of updated asset objects reloaded before import = 0Number of asset objects unloaded after import = 2

Editor requested this worker to shutdown with reason: Scaling down because of idle timeout
AssetImportWorker is now disconnected from the server
Process exiting
Exiting without the bug reporter. Application will terminate with return code 0